[2023-04-21 01:48:03] local.EMERGENCY: array (
  'request_type' => 'Checkout Request',
  'request_data' => 
  array (
    'area' => '1070',
    'later_time' => '08:20',
    'service_package_id' => NULL,
    'pickup_longitude' => '76.79862219840288',
    'vehicle_type' => '645',
    'drop_location' => '[{"stop":"1","drop_latitude":"43.23731155738212","drop_longitude":"76.92136142402887","drop_location":"ул. Сатпаева 29\\/3, Алматы 050000, Казахстан","status":"1"}]',
    'total_drop_location' => '1',
    'service_type' => '1',
    'pickup_latitude' => '43.19624240109172',
    'later_date' => '2023/04/21',
    'booking_type' => '2',
    'pick_up_location' => 'Аубакирова ул., Акжар, Казахстан',
    'segment_id' => '1',
    'number_of_rider' => '0',
    'merchant_id' => 372,
  ),
  'additional_notes' => 'checkout api',
  'hit_time' => '2023-04-21 01:48:03',
)  
[2023-04-21 01:48:03] local.EMERGENCY: array (
  'request_type' => 'Checkout Response',
  'request_data' => 
  array (
    'message' => 'Готов к поездке.',
    'data' => 
    array (
      'id' => 725,
      'segment_id' => '1',
      'user_id' => 38958,
      'service_type_id' => '1',
      'vehicle_type_id' => '645',
      'total_drop_location' => '1',
      'number_of_rider' => '0',
      'payment_method_id' => '',
      'card_id' => NULL,
      'pickup_latitude' => '43.19624240109172',
      'pickup_longitude' => '76.79862219840288',
      'pickup_location' => 'Аубакирова ул., Акжар, Казахстан',
      'drop_latitude' => '43.23731155738212',
      'drop_longitude' => '76.92136142402887',
      'drop_location' => 'ул. Сатпаева 29/3, Алматы 050000, Казахстан',
      'waypoints' => 
      array (
      ),
      'map_image' => '',
      'hotel_charges' => NULL,
      'estimate_distance' => '14.2 km',
      'estimate_time' => '32 mins',
      'estimate_driver_distance' => '',
      'estimate_driver_time' => '',
      'booking_type' => '2',
      'ac_nonac' => NULL,
      'bags_weight_kg' => NULL,
      'vehicleTypeName' => 'Эконом',
      'vehicleTypeImage' => 'https://qazaq-production-bucket.s3.ap-south-1.amazonaws.com/qazaq-taxi/vehicle/1681888055_643f933755bba_vehicle.png?X-Amz-Content-Sha256=UNSIGNED-PAYLOAD&X-Amz-Algorithm=AWS4-HMAC-SHA256&X-Amz-Credential=AKIAXZ3HZP5WW4B63MIH%2F20230421%2Fap-south-1%2Fs3%2Faws4_request&X-Amz-Date=20230421T014803Z&X-Amz-SignedHeaders=host&X-Amz-Expires=36000&X-Amz-Signature=091956e9e6d546153708d5fdbdcb00f8787818a3b6204b44ced317dbbd08e286',
      'SelectedPaymentMethod' => 
      array (
        'id' => NULL,
        'name' => 'Способ оплаты',
        'card_id' => NULL,
      ),
      'estimate_receipt' => 
      array (
        0 => 
        array (
          'highlighted_text' => 'Базовый тариф',
          'highlighted_text_color' => '333333',
          'highlighted_style' => 'NORMAL',
          'highlighted_visibility' => true,
          'small_text' => 'eee',
          'small_texot_clor' => '333333',
          'small_text_style' => '',
          'small_text_visibility' => false,
          'value_text' => 'KZT325',
          'value_text_color' => '333333',
          'value_text_style' => '',
          'value_textvisibility' => true,
        ),
        1 => 
        array (
          'highlighted_text' => 'Расстояние Тариф',
          'highlighted_text_color' => '333333',
          'highlighted_style' => 'NORMAL',
          'highlighted_visibility' => true,
          'small_text' => 'eee',
          'small_texot_clor' => '333333',
          'small_text_style' => '',
          'small_text_visibility' => false,
          'value_text' => 'KZT763',
          'value_text_color' => '333333',
          'value_text_style' => '',
          'value_textvisibility' => true,
        ),
        2 => 
        array (
          'highlighted_text' => 'Стоимость минуты',
          'highlighted_text_color' => '333333',
          'highlighted_style' => 'NORMAL',
          'highlighted_visibility' => true,
          'small_text' => 'eee',
          'small_texot_clor' => '333333',
          'small_text_style' => '',
          'small_text_visibility' => false,
          'value_text' => 'KZT590',
          'value_text_color' => '333333',
          'value_text_style' => '',
          'value_textvisibility' => true,
        ),
        3 => 
        array (
          'highlighted_text' => 'Итого',
          'highlighted_text_color' => '333333',
          'highlighted_style' => 'NORMAL',
          'highlighted_visibility' => true,
          'small_text' => 'eee',
          'small_texot_clor' => '333333',
          'small_text_style' => '',
          'small_text_visibility' => false,
          'value_text' => 'KZT1678',
          'value_text_color' => '333333',
          'value_text_style' => '',
          'value_textvisibility' => true,
        ),
      ),
      'promo_code' => '',
      'estimates_arrive_header_text' => 'Расстояние и Время',
      'promo_heading' => 'Принять промо -код',
      'discounted_amout' => '',
      'estimates_header_text' => 'Цена',
      'estimate_bill' => 'KZT 1700',
      'outstandAmount' => '0.00',
      'outstandShow' => false,
      'service_type_name' => 'Стандарт',
      'service_package' => '',
      'later_date' => '2023-04-21',
      'later_time' => '08:20',
      'seats' => NULL,
    ),
  ),
  'additional_notes' => 'checkout api',
  'hit_time' => '2023-04-21 07:48:03',
)  
[2023-04-21 02:35:31] local.EMERGENCY: array (
  'request_type' => 'Checkout Request',
  'request_data' => 
  array (
    'area' => '1070',
    'later_time' => NULL,
    'service_package_id' => NULL,
    'pickup_longitude' => '76.798688583076',
    'vehicle_type' => '645',
    'drop_location' => '[{"stop":"1","drop_latitude":"43.23731155738212","drop_longitude":"76.92136142402887","drop_location":"ул. Сатпаева 29\\/3, Алматы 050000, Казахстан","status":"1"}]',
    'total_drop_location' => '1',
    'service_type' => '1',
    'pickup_latitude' => '43.19618178469589',
    'later_date' => NULL,
    'booking_type' => '1',
    'pick_up_location' => 'Аубакирова ул., Акжар, Казахстан',
    'segment_id' => '1',
    'number_of_rider' => '0',
    'merchant_id' => 372,
  ),
  'additional_notes' => 'checkout api',
  'hit_time' => '2023-04-21 02:35:31',
)  
[2023-04-21 03:55:14] local.EMERGENCY: array (
  'request_type' => 'Checkout Request',
  'request_data' => 
  array (
    'area' => '1070',
    'later_time' => NULL,
    'service_package_id' => NULL,
    'pickup_longitude' => '76.95491921156645',
    'vehicle_type' => '659',
    'drop_location' => '[{"stop":"1","drop_latitude":"43.25198763707485","drop_longitude":"76.88601326197386","drop_location":"ул. имени Аносова 48, Алматы, Казахстан","status":"1"}]',
    'total_drop_location' => '1',
    'service_type' => '1',
    'pickup_latitude' => '43.26864328650844',
    'later_date' => NULL,
    'booking_type' => '1',
    'pick_up_location' => 'ул. Нусупбекова 23/14, Алматы 050000, Казахстан',
    'segment_id' => '1',
    'number_of_rider' => '0',
    'merchant_id' => 372,
  ),
  'additional_notes' => 'checkout api',
  'hit_time' => '2023-04-21 03:55:14',
)  
[2023-04-21 03:55:53] local.EMERGENCY: array (
  'request_type' => 'Checkout Request',
  'request_data' => 
  array (
    'area' => '1070',
    'later_time' => NULL,
    'service_package_id' => NULL,
    'pickup_longitude' => '76.95491921156645',
    'vehicle_type' => '659',
    'drop_location' => '[{"stop":"1","drop_latitude":"43.25198763707485","drop_longitude":"76.88601326197386","drop_location":"ул. имени Аносова 48, Алматы, Казахстан","status":"1"}]',
    'total_drop_location' => '1',
    'service_type' => '1',
    'pickup_latitude' => '43.26864328650844',
    'later_date' => NULL,
    'booking_type' => '1',
    'pick_up_location' => 'ул. Нусупбекова 23/14, Алматы 050000, Казахстан',
    'segment_id' => '1',
    'number_of_rider' => '0',
    'merchant_id' => 372,
  ),
  'additional_notes' => 'checkout api',
  'hit_time' => '2023-04-21 03:55:53',
)  
[2023-04-21 03:55:58] local.EMERGENCY: array (
  'request_type' => 'Checkout Request',
  'request_data' => 
  array (
    'area' => '1070',
    'later_time' => NULL,
    'service_package_id' => NULL,
    'pickup_longitude' => '76.95491921156645',
    'vehicle_type' => '659',
    'drop_location' => '[{"stop":"1","drop_latitude":"43.25198763707485","drop_longitude":"76.88601326197386","drop_location":"ул. имени Аносова 48, Алматы, Казахстан","status":"1"}]',
    'total_drop_location' => '1',
    'service_type' => '1',
    'pickup_latitude' => '43.26864328650844',
    'later_date' => NULL,
    'booking_type' => '1',
    'pick_up_location' => 'ул. Нусупбекова 23/14, Алматы 050000, Казахстан',
    'segment_id' => '1',
    'number_of_rider' => '0',
    'merchant_id' => 372,
  ),
  'additional_notes' => 'checkout api',
  'hit_time' => '2023-04-21 03:55:58',
)  
[2023-04-21 03:56:57] local.EMERGENCY: array (
  'request_type' => 'Checkout Request',
  'request_data' => 
  array (
    'area' => '1070',
    'later_time' => NULL,
    'service_package_id' => NULL,
    'pickup_longitude' => '76.95491921156645',
    'vehicle_type' => '659',
    'drop_location' => '[{"stop":"1","drop_latitude":"43.25198763707485","drop_longitude":"76.88601326197386","drop_location":"ул. имени Аносова 48, Алматы, Казахстан","status":"1"}]',
    'total_drop_location' => '1',
    'service_type' => '1',
    'pickup_latitude' => '43.26864328650844',
    'later_date' => NULL,
    'booking_type' => '1',
    'pick_up_location' => 'ул. Нусупбекова 23/14, Алматы 050000, Казахстан',
    'segment_id' => '1',
    'number_of_rider' => '0',
    'merchant_id' => 372,
  ),
  'additional_notes' => 'checkout api',
  'hit_time' => '2023-04-21 03:56:57',
)  
[2023-04-21 03:58:32] local.EMERGENCY: array (
  'request_type' => 'Checkout Request',
  'request_data' => 
  array (
    'area' => '1070',
    'later_time' => NULL,
    'service_package_id' => NULL,
    'pickup_longitude' => '76.95491921156645',
    'vehicle_type' => '663',
    'drop_location' => '[{"stop":"1","drop_latitude":"43.26989151364679","drop_longitude":"76.8305991590023","drop_location":"7RCJ+76R, ул. Зангар, Алматы, Казахстан","status":"1"}]',
    'total_drop_location' => '1',
    'service_type' => '1',
    'pickup_latitude' => '43.26864328650844',
    'later_date' => NULL,
    'booking_type' => '1',
    'pick_up_location' => 'ул. Нусупбекова 23/14, Алматы 050000, Казахстан',
    'segment_id' => '1',
    'number_of_rider' => '0',
    'merchant_id' => 372,
  ),
  'additional_notes' => 'checkout api',
  'hit_time' => '2023-04-21 03:58:32',
)  
[2023-04-21 07:16:52] local.EMERGENCY: array (
  'request_type' => 'Checkout Request',
  'request_data' => 
  array (
    'area' => '1070',
    'later_time' => NULL,
    'service_package_id' => NULL,
    'pickup_longitude' => '76.88408240675926',
    'vehicle_type' => '660',
    'drop_location' => '[{"stop":"1","drop_latitude":"43.34992642960181","drop_longitude":"77.02528931200504","drop_location":"Международный аэропорт Алматы ул. Беимбета Майлина 2, Алматы 050039, Казахстан","status":"1"}]',
    'total_drop_location' => '1',
    'service_type' => '1',
    'pickup_latitude' => '43.2126928823711',
    'later_date' => NULL,
    'booking_type' => '1',
    'pick_up_location' => 'улица Навои 52, Алматы 050060, Казахстан',
    'segment_id' => '1',
    'number_of_rider' => '0',
    'merchant_id' => 372,
  ),
  'additional_notes' => 'checkout api',
  'hit_time' => '2023-04-21 07:16:52',
)  
[2023-04-21 07:26:03] local.EMERGENCY: array (
  'request_type' => 'Checkout Request',
  'request_data' => 
  array (
    'area' => '1070',
    'later_time' => NULL,
    'service_package_id' => NULL,
    'pickup_longitude' => '76.93516541272402',
    'vehicle_type' => '645',
    'drop_location' => '[{"stop":"1","drop_latitude":"43.209383493801866","drop_longitude":"76.8872507661581","drop_location":"ул. Абиша Кекилбайулы 129\\/4, Алматы 050060, Казахстан","status":"1"}]',
    'total_drop_location' => '1',
    'service_type' => '1',
    'pickup_latitude' => '43.251753939687696',
    'later_date' => NULL,
    'booking_type' => '1',
    'pick_up_location' => 'улица Мауленова 92, Алматы 050000, Казахстан',
    'segment_id' => '1',
    'number_of_rider' => '0',
    'merchant_id' => 372,
  ),
  'additional_notes' => 'checkout api',
  'hit_time' => '2023-04-21 07:26:03',
)  
[2023-04-21 07:26:04] local.EMERGENCY: array (
  'request_type' => 'Checkout Response',
  'request_data' => 
  array (
    'message' => 'Готов к поездке.',
    'data' => 
    array (
      'id' => 722,
      'segment_id' => '1',
      'user_id' => 38527,
      'service_type_id' => '1',
      'vehicle_type_id' => '645',
      'total_drop_location' => '1',
      'number_of_rider' => '0',
      'payment_method_id' => '1',
      'card_id' => NULL,
      'pickup_latitude' => '43.251753939687696',
      'pickup_longitude' => '76.93516541272402',
      'pickup_location' => 'улица Мауленова 92, Алматы 050000, Казахстан',
      'drop_latitude' => '43.209383493801866',
      'drop_longitude' => '76.8872507661581',
      'drop_location' => 'ул. Абиша Кекилбайулы 129/4, Алматы 050060, Казахстан',
      'waypoints' => 
      array (
      ),
      'map_image' => '',
      'hotel_charges' => NULL,
      'estimate_distance' => '7.9 km',
      'estimate_time' => '24 mins',
      'estimate_driver_distance' => '2 m',
      'estimate_driver_time' => '1 min',
      'booking_type' => '1',
      'ac_nonac' => NULL,
      'bags_weight_kg' => NULL,
      'vehicleTypeName' => 'Эконом',
      'vehicleTypeImage' => 'https://qazaq-production-bucket.s3.ap-south-1.amazonaws.com/qazaq-taxi/vehicle/1681888055_643f933755bba_vehicle.png?X-Amz-Content-Sha256=UNSIGNED-PAYLOAD&X-Amz-Algorithm=AWS4-HMAC-SHA256&X-Amz-Credential=AKIAXZ3HZP5WW4B63MIH%2F20230421%2Fap-south-1%2Fs3%2Faws4_request&X-Amz-Date=20230421T072604Z&X-Amz-SignedHeaders=host&X-Amz-Expires=36000&X-Amz-Signature=e85cfdd8729ecce3af868917219ac002ae9c4e427fef28cac288af8f3ab30780',
      'SelectedPaymentMethod' => 
      array (
        'id' => '1',
        'name' => 'Наличными',
        'card_id' => NULL,
      ),
      'estimate_receipt' => 
      array (
        0 => 
        array (
          'highlighted_text' => 'Базовый тариф',
          'highlighted_text_color' => '333333',
          'highlighted_style' => 'NORMAL',
          'highlighted_visibility' => true,
          'small_text' => 'eee',
          'small_texot_clor' => '333333',
          'small_text_style' => '',
          'small_text_visibility' => false,
          'value_text' => 'KZT325',
          'value_text_color' => '333333',
          'value_text_style' => '',
          'value_textvisibility' => true,
        ),
        1 => 
        array (
          'highlighted_text' => 'Расстояние Тариф',
          'highlighted_text_color' => '333333',
          'highlighted_style' => 'NORMAL',
          'highlighted_visibility' => true,
          'small_text' => 'eee',
          'small_texot_clor' => '333333',
          'small_text_style' => '',
          'small_text_visibility' => false,
          'value_text' => 'KZT383',
          'value_text_color' => '333333',
          'value_text_style' => '',
          'value_textvisibility' => true,
        ),
        2 => 
        array (
          'highlighted_text' => 'Стоимость минуты',
          'highlighted_text_color' => '333333',
          'highlighted_style' => 'NORMAL',
          'highlighted_visibility' => true,
          'small_text' => 'eee',
          'small_texot_clor' => '333333',
          'small_text_style' => '',
          'small_text_visibility' => false,
          'value_text' => 'KZT424',
          'value_text_color' => '333333',
          'value_text_style' => '',
          'value_textvisibility' => true,
        ),
        3 => 
        array (
          'highlighted_text' => 'Итого',
          'highlighted_text_color' => '333333',
          'highlighted_style' => 'NORMAL',
          'highlighted_visibility' => true,
          'small_text' => 'eee',
          'small_texot_clor' => '333333',
          'small_text_style' => '',
          'small_text_visibility' => false,
          'value_text' => 'KZT1132',
          'value_text_color' => '333333',
          'value_text_style' => '',
          'value_textvisibility' => true,
        ),
      ),
      'promo_code' => '',
      'estimates_arrive_header_text' => 'Прибытие через',
      'promo_heading' => 'Принять промо -код',
      'discounted_amout' => '',
      'estimates_header_text' => 'Цена',
      'estimate_bill' => 'KZT 1200',
      'outstandAmount' => '0.00',
      'outstandShow' => false,
      'service_type_name' => 'Стандарт',
      'service_package' => '',
      'later_date' => '',
      'later_time' => '',
      'seats' => NULL,
    ),
  ),
  'additional_notes' => 'checkout api',
  'hit_time' => '2023-04-21 13:26:04',
)  
[2023-04-21 08:15:39] local.EMERGENCY: array (
  'request_type' => 'Checkout Request',
  'request_data' => 
  array (
    'area' => '1070',
    'later_time' => NULL,
    'service_package_id' => NULL,
    'pickup_longitude' => '76.8834138661623',
    'vehicle_type' => '645',
    'drop_location' => '[{"stop":"1","drop_latitude":"43.22775257154237","drop_longitude":"76.90519709140062","drop_location":"улица Ауэзова 175 улица Ауэзова 175, Алматы 050057, Казахстан","status":"1"}]',
    'total_drop_location' => '1',
    'service_type' => '1',
    'pickup_latitude' => '43.23455091053528',
    'later_date' => NULL,
    'booking_type' => '1',
    'pick_up_location' => 'улица Тургута Озала 242, Алматы 050000, Казахстан',
    'segment_id' => '1',
    'number_of_rider' => '0',
    'merchant_id' => 372,
  ),
  'additional_notes' => 'checkout api',
  'hit_time' => '2023-04-21 08:15:39',
)  
[2023-04-21 08:15:55] local.EMERGENCY: array (
  'request_type' => 'Checkout Request',
  'request_data' => 
  array (
    'area' => '1070',
    'later_time' => NULL,
    'service_package_id' => NULL,
    'pickup_longitude' => '76.8834138661623',
    'vehicle_type' => '645',
    'drop_location' => '[{"stop":"1","drop_latitude":"43.227647036192614","drop_longitude":"76.9101219624281","drop_location":"ул. Габдуллина, Алматы, Казахстан","status":"1"}]',
    'total_drop_location' => '1',
    'service_type' => '1',
    'pickup_latitude' => '43.23455091053528',
    'later_date' => NULL,
    'booking_type' => '1',
    'pick_up_location' => 'улица Тургута Озала 242, Алматы 050000, Казахстан',
    'segment_id' => '1',
    'number_of_rider' => '0',
    'merchant_id' => 372,
  ),
  'additional_notes' => 'checkout api',
  'hit_time' => '2023-04-21 08:15:55',
)  
[2023-04-21 08:40:23] local.EMERGENCY: array (
  'request_type' => 'Checkout Request',
  'request_data' => 
  array (
    'area' => '1070',
    'later_time' => NULL,
    'service_package_id' => NULL,
    'pickup_longitude' => '76.92348372191191',
    'vehicle_type' => '645',
    'drop_location' => '[{"stop":"1","drop_latitude":"43.20241909165545","drop_longitude":"76.90611138939857","drop_location":"1 этаж; 6 офис, улица Жарокова 318, Алматы 050060, Казахстан","status":"1"}]',
    'total_drop_location' => '1',
    'service_type' => '1',
    'pickup_latitude' => '43.25563193045329',
    'later_date' => NULL,
    'booking_type' => '1',
    'pick_up_location' => 'улица Казыбек Би 125, Алматы 050000, Казахстан',
    'segment_id' => '1',
    'number_of_rider' => '0',
    'merchant_id' => 372,
  ),
  'additional_notes' => 'checkout api',
  'hit_time' => '2023-04-21 08:40:23',
)  
[2023-04-21 09:18:43] local.EMERGENCY: array (
  'request_type' => 'Checkout Request',
  'request_data' => 
  array (
    'area' => '1070',
    'later_time' => NULL,
    'service_package_id' => NULL,
    'pickup_longitude' => '76.84527654200792',
    'vehicle_type' => '645',
    'drop_location' => '[{"stop":"1","drop_latitude":"43.25732482638099","drop_longitude":"76.82568669319153","drop_location":"Мамутова ул., Алматы, Казахстан","status":"1"}]',
    'total_drop_location' => '1',
    'service_type' => '1',
    'pickup_latitude' => '43.28805931597586',
    'later_date' => NULL,
    'booking_type' => '1',
    'pick_up_location' => 'улица Аубакирова 1, Алматы, Казахстан',
    'segment_id' => '1',
    'number_of_rider' => '0',
    'merchant_id' => 372,
  ),
  'additional_notes' => 'checkout api',
  'hit_time' => '2023-04-21 09:18:43',
)  
[2023-04-21 09:18:53] local.EMERGENCY: array (
  'request_type' => 'Checkout Request',
  'request_data' => 
  array (
    'area' => '1070',
    'later_time' => NULL,
    'service_package_id' => NULL,
    'pickup_longitude' => '76.84527654200792',
    'vehicle_type' => '645',
    'drop_location' => '[{"stop":"1","drop_latitude":"43.25732482638099","drop_longitude":"76.82568669319153","drop_location":"Мамутова ул., Алматы, Казахстан","status":"1"}]',
    'total_drop_location' => '1',
    'service_type' => '1',
    'pickup_latitude' => '43.28805931597586',
    'later_date' => NULL,
    'booking_type' => '1',
    'pick_up_location' => 'улица Аубакирова 1, Алматы, Казахстан',
    'segment_id' => '1',
    'number_of_rider' => '0',
    'merchant_id' => 372,
  ),
  'additional_notes' => 'checkout api',
  'hit_time' => '2023-04-21 09:18:53',
)  
[2023-04-21 09:50:21] local.EMERGENCY: array (
  'request_type' => 'Checkout Request',
  'request_data' => 
  array (
    'area' => '1070',
    'later_time' => NULL,
    'service_package_id' => NULL,
    'pickup_longitude' => '76.93524621427059',
    'vehicle_type' => '645',
    'drop_location' => '[{"stop":"1","drop_latitude":"43.25537651469264","drop_longitude":"76.93600092083216","drop_location":"Nauryzbai Batyr St, 63, Auezov St, 50, Алматы 050000, Казахстан","status":"1"}]',
    'total_drop_location' => '1',
    'service_type' => '1',
    'pickup_latitude' => '43.25163135198498',
    'later_date' => NULL,
    'booking_type' => '1',
    'pick_up_location' => 'Ул Мауленова 92 ( здание фин академии, 1 этаж направо), уг, улица Богенбай Батыра, Алматы 050000, Казахстан',
    'segment_id' => '1',
    'number_of_rider' => '0',
    'merchant_id' => 372,
  ),
  'additional_notes' => 'checkout api',
  'hit_time' => '2023-04-21 09:50:21',
)  
[2023-04-21 09:50:37] local.EMERGENCY: array (
  'request_type' => 'Checkout Request',
  'request_data' => 
  array (
    'area' => '1070',
    'later_time' => NULL,
    'service_package_id' => NULL,
    'pickup_longitude' => '76.93524621427059',
    'vehicle_type' => '645',
    'drop_location' => '[{"stop":"1","drop_latitude":"43.25537651469264","drop_longitude":"76.93600092083216","drop_location":"Nauryzbai Batyr St, 63, Auezov St, 50, Алматы 050000, Казахстан","status":"1"}]',
    'total_drop_location' => '1',
    'service_type' => '1',
    'pickup_latitude' => '43.25163135198498',
    'later_date' => NULL,
    'booking_type' => '1',
    'pick_up_location' => 'Ул Мауленова 92 ( здание фин академии, 1 этаж направо), уг, улица Богенбай Батыра, Алматы 050000, Казахстан',
    'segment_id' => '1',
    'number_of_rider' => '0',
    'merchant_id' => 372,
  ),
  'additional_notes' => 'checkout api',
  'hit_time' => '2023-04-21 09:50:37',
)  
[2023-04-21 09:51:10] local.EMERGENCY: array (
  'request_type' => 'Checkout Request',
  'request_data' => 
  array (
    'area' => '1070',
    'later_time' => NULL,
    'service_package_id' => NULL,
    'pickup_longitude' => '76.93524621427059',
    'vehicle_type' => '645',
    'drop_location' => '[{"stop":"1","drop_latitude":"43.25537651469264","drop_longitude":"76.93600092083216","drop_location":"Nauryzbai Batyr St, 63, Auezov St, 50, Алматы 050000, Казахстан","status":"1"}]',
    'total_drop_location' => '1',
    'service_type' => '1',
    'pickup_latitude' => '43.25163135198498',
    'later_date' => NULL,
    'booking_type' => '1',
    'pick_up_location' => 'Ул Мауленова 92 ( здание фин академии, 1 этаж направо), уг, улица Богенбай Батыра, Алматы 050000, Казахстан',
    'segment_id' => '1',
    'number_of_rider' => '0',
    'merchant_id' => 372,
  ),
  'additional_notes' => 'checkout api',
  'hit_time' => '2023-04-21 09:51:10',
)  
[2023-04-21 09:51:51] local.EMERGENCY: array (
  'request_type' => 'Checkout Request',
  'request_data' => 
  array (
    'area' => '1070',
    'later_time' => NULL,
    'service_package_id' => NULL,
    'pickup_longitude' => '76.93524621427059',
    'vehicle_type' => '645',
    'drop_location' => '[{"stop":"1","drop_latitude":"43.25537651469264","drop_longitude":"76.93600092083216","drop_location":"Nauryzbai Batyr St, 63, Auezov St, 50, Алматы 050000, Казахстан","status":"1"}]',
    'total_drop_location' => '1',
    'service_type' => '1',
    'pickup_latitude' => '43.25163135198498',
    'later_date' => NULL,
    'booking_type' => '1',
    'pick_up_location' => 'Ул Мауленова 92 ( здание фин академии, 1 этаж направо), уг, улица Богенбай Батыра, Алматы 050000, Казахстан',
    'segment_id' => '1',
    'number_of_rider' => '0',
    'merchant_id' => 372,
  ),
  'additional_notes' => 'checkout api',
  'hit_time' => '2023-04-21 09:51:51',
)  
[2023-04-21 09:53:16] local.EMERGENCY: array (
  'request_type' => 'Checkout Request',
  'request_data' => 
  array (
    'area' => '1070',
    'later_time' => NULL,
    'service_package_id' => NULL,
    'pickup_longitude' => '76.93524621427059',
    'vehicle_type' => '645',
    'drop_location' => '[{"stop":"1","drop_latitude":"43.25537651469264","drop_longitude":"76.93600092083216","drop_location":"Nauryzbai Batyr St, 63, Auezov St, 50, Алматы 050000, Казахстан","status":"1"}]',
    'total_drop_location' => '1',
    'service_type' => '1',
    'pickup_latitude' => '43.25163135198498',
    'later_date' => NULL,
    'booking_type' => '1',
    'pick_up_location' => 'Ул Мауленова 92 ( здание фин академии, 1 этаж направо), уг, улица Богенбай Батыра, Алматы 050000, Казахстан',
    'segment_id' => '1',
    'number_of_rider' => '0',
    'merchant_id' => 372,
  ),
  'additional_notes' => 'checkout api',
  'hit_time' => '2023-04-21 09:53:16',
)  
[2023-04-21 09:53:40] local.EMERGENCY: array (
  'request_type' => 'Checkout Request',
  'request_data' => 
  array (
    'area' => '1070',
    'later_time' => NULL,
    'service_package_id' => NULL,
    'pickup_longitude' => '76.93524621427059',
    'vehicle_type' => '645',
    'drop_location' => '[{"stop":"1","drop_latitude":"43.25779437507061","drop_longitude":"76.93564787507057","drop_location":"4сезона магазин купальников, Наурызбай батыр көшесі 43, Алматы 050000, Казахстан","status":"1"}]',
    'total_drop_location' => '1',
    'service_type' => '1',
    'pickup_latitude' => '43.25163135198498',
    'later_date' => NULL,
    'booking_type' => '1',
    'pick_up_location' => 'Ул Мауленова 92 ( здание фин академии, 1 этаж направо), уг, улица Богенбай Батыра, Алматы 050000, Казахстан',
    'segment_id' => '1',
    'number_of_rider' => '0',
    'merchant_id' => 372,
  ),
  'additional_notes' => 'checkout api',
  'hit_time' => '2023-04-21 09:53:40',
)  
[2023-04-21 09:54:01] local.EMERGENCY: array (
  'request_type' => 'Checkout Request',
  'request_data' => 
  array (
    'area' => '1070',
    'later_time' => NULL,
    'service_package_id' => NULL,
    'pickup_longitude' => '76.93524621427059',
    'vehicle_type' => '645',
    'drop_location' => '[{"stop":"1","drop_latitude":"43.25779437507061","drop_longitude":"76.93564787507057","drop_location":"4сезона магазин купальников, Наурызбай батыр көшесі 43, Алматы 050000, Казахстан","status":"1"}]',
    'total_drop_location' => '1',
    'service_type' => '1',
    'pickup_latitude' => '43.25163135198498',
    'later_date' => NULL,
    'booking_type' => '1',
    'pick_up_location' => 'Ул Мауленова 92 ( здание фин академии, 1 этаж направо), уг, улица Богенбай Батыра, Алматы 050000, Казахстан',
    'segment_id' => '1',
    'number_of_rider' => '0',
    'merchant_id' => 372,
  ),
  'additional_notes' => 'checkout api',
  'hit_time' => '2023-04-21 09:54:01',
)  
[2023-04-21 09:54:33] local.EMERGENCY: array (
  'request_type' => 'Checkout Request',
  'request_data' => 
  array (
    'area' => '1070',
    'later_time' => NULL,
    'service_package_id' => NULL,
    'pickup_longitude' => '76.93524621427059',
    'vehicle_type' => '645',
    'drop_location' => '[{"stop":"1","drop_latitude":"43.259401996413104","drop_longitude":"76.93883199244738","drop_location":"ул. Желтоксан 96-98\\/80, угол ул. Гоголя, Алматы 050000, Казахстан","status":"1"}]',
    'total_drop_location' => '1',
    'service_type' => '1',
    'pickup_latitude' => '43.25163135198498',
    'later_date' => NULL,
    'booking_type' => '1',
    'pick_up_location' => 'Ул Мауленова 92 ( здание фин академии, 1 этаж направо), уг, улица Богенбай Батыра, Алматы 050000, Казахстан',
    'segment_id' => '1',
    'number_of_rider' => '0',
    'merchant_id' => 372,
  ),
  'additional_notes' => 'checkout api',
  'hit_time' => '2023-04-21 09:54:33',
)  
[2023-04-21 09:55:56] local.EMERGENCY: array (
  'request_type' => 'Checkout Request',
  'request_data' => 
  array (
    'area' => '1070',
    'later_time' => NULL,
    'service_package_id' => NULL,
    'pickup_longitude' => '76.93524621427059',
    'vehicle_type' => '659',
    'drop_location' => '[{"stop":"1","drop_latitude":"43.25938319549751","drop_longitude":"76.93522073328495","drop_location":"улица Гоголя 87, Алматы 050000, Казахстан","status":"1"}]',
    'total_drop_location' => '1',
    'service_type' => '1',
    'pickup_latitude' => '43.25163135198498',
    'later_date' => NULL,
    'booking_type' => '1',
    'pick_up_location' => 'Ул Мауленова 92 ( здание фин академии, 1 этаж направо), уг, улица Богенбай Батыра, Алматы 050000, Казахстан',
    'segment_id' => '1',
    'number_of_rider' => '0',
    'merchant_id' => 372,
  ),
  'additional_notes' => 'checkout api',
  'hit_time' => '2023-04-21 09:55:56',
)  
[2023-04-21 09:55:57] local.EMERGENCY: array (
  'request_type' => 'Checkout Response',
  'request_data' => 
  array (
    'message' => 'Готов к поездке.',
    'data' => 
    array (
      'id' => 726,
      'segment_id' => '1',
      'user_id' => 38974,
      'service_type_id' => '1',
      'vehicle_type_id' => '659',
      'total_drop_location' => '1',
      'number_of_rider' => '0',
      'payment_method_id' => '',
      'card_id' => NULL,
      'pickup_latitude' => '43.25163135198498',
      'pickup_longitude' => '76.93524621427059',
      'pickup_location' => 'Ул Мауленова 92 ( здание фин академии, 1 этаж направо), уг, улица Богенбай Батыра, Алматы 050000, Казахстан',
      'drop_latitude' => '43.25938319549751',
      'drop_longitude' => '76.93522073328495',
      'drop_location' => 'улица Гоголя 87, Алматы 050000, Казахстан',
      'waypoints' => 
      array (
      ),
      'map_image' => '',
      'hotel_charges' => NULL,
      'estimate_distance' => '1.2 km',
      'estimate_time' => '5 mins',
      'estimate_driver_distance' => '1 m',
      'estimate_driver_time' => '1 min',
      'booking_type' => '1',
      'ac_nonac' => NULL,
      'bags_weight_kg' => NULL,
      'vehicleTypeName' => 'Комфорт',
      'vehicleTypeImage' => 'https://qazaq-production-bucket.s3.ap-south-1.amazonaws.com/qazaq-taxi/vehicle/1681998933_6441445561804_vehicle.png?X-Amz-Content-Sha256=UNSIGNED-PAYLOAD&X-Amz-Algorithm=AWS4-HMAC-SHA256&X-Amz-Credential=AKIAXZ3HZP5WW4B63MIH%2F20230421%2Fap-south-1%2Fs3%2Faws4_request&X-Amz-Date=20230421T095557Z&X-Amz-SignedHeaders=host&X-Amz-Expires=36000&X-Amz-Signature=9f8d52c046d67a234aac84fc42ea334b7cde61556167323e87fa4dd3716cf42f',
      'SelectedPaymentMethod' => 
      array (
        'id' => NULL,
        'name' => 'Способ оплаты',
        'card_id' => NULL,
      ),
      'estimate_receipt' => 
      array (
        0 => 
        array (
          'highlighted_text' => 'Базовый тариф',
          'highlighted_text_color' => '333333',
          'highlighted_style' => 'NORMAL',
          'highlighted_visibility' => true,
          'small_text' => 'eee',
          'small_texot_clor' => '333333',
          'small_text_style' => '',
          'small_text_visibility' => false,
          'value_text' => 'KZT400',
          'value_text_color' => '333333',
          'value_text_style' => '',
          'value_textvisibility' => true,
        ),
        1 => 
        array (
          'highlighted_text' => 'Расстояние Тариф',
          'highlighted_text_color' => '333333',
          'highlighted_style' => 'NORMAL',
          'highlighted_visibility' => true,
          'small_text' => 'eee',
          'small_texot_clor' => '333333',
          'small_text_style' => '',
          'small_text_visibility' => false,
          'value_text' => 'KZT0',
          'value_text_color' => '333333',
          'value_text_style' => '',
          'value_textvisibility' => true,
        ),
        2 => 
        array (
          'highlighted_text' => 'Стоимость минуты',
          'highlighted_text_color' => '333333',
          'highlighted_style' => 'NORMAL',
          'highlighted_visibility' => true,
          'small_text' => 'eee',
          'small_texot_clor' => '333333',
          'small_text_style' => '',
          'small_text_visibility' => false,
          'value_text' => 'KZT7',
          'value_text_color' => '333333',
          'value_text_style' => '',
          'value_textvisibility' => true,
        ),
        3 => 
        array (
          'highlighted_text' => 'Итого',
          'highlighted_text_color' => '333333',
          'highlighted_style' => 'NORMAL',
          'highlighted_visibility' => true,
          'small_text' => 'eee',
          'small_texot_clor' => '333333',
          'small_text_style' => '',
          'small_text_visibility' => false,
          'value_text' => 'KZT407',
          'value_text_color' => '333333',
          'value_text_style' => '',
          'value_textvisibility' => true,
        ),
      ),
      'promo_code' => '',
      'estimates_arrive_header_text' => 'Прибытие через',
      'promo_heading' => 'Принять промо -код',
      'discounted_amout' => '',
      'estimates_header_text' => 'Цена',
      'estimate_bill' => 'KZT 500',
      'outstandAmount' => '0.00',
      'outstandShow' => false,
      'service_type_name' => 'Стандарт',
      'service_package' => '',
      'later_date' => '',
      'later_time' => '',
      'seats' => NULL,
    ),
  ),
  'additional_notes' => 'checkout api',
  'hit_time' => '2023-04-21 15:55:57',
)  
[2023-04-21 12:13:37] local.EMERGENCY: array (
  'request_type' => 'Checkout Request',
  'request_data' => 
  array (
    'area' => '1070',
    'later_time' => '18:13',
    'service_package_id' => NULL,
    'pickup_longitude' => '76.89709514379501',
    'vehicle_type' => '668',
    'drop_location' => '[{"stop":"1","drop_latitude":"43.23339331665726","drop_longitude":"76.9568195566535","drop_location":"Dostyk Plaza микрорайон Самал-2 111, Алматы 050000, Казахстан","status":"1"}]',
    'total_drop_location' => '1',
    'service_type' => '1',
    'pickup_latitude' => '43.204305067111115',
    'later_date' => '2023/04/21',
    'booking_type' => '2',
    'pick_up_location' => '287/2 Радостовца уг.ул Левитана ЖК «Gagarin Park, Алматы 050060, Казахстан',
    'segment_id' => '1',
    'number_of_rider' => '0',
    'merchant_id' => 372,
  ),
  'additional_notes' => 'checkout api',
  'hit_time' => '2023-04-21 12:13:37',
)  
[2023-04-21 12:13:37] local.EMERGENCY: array (
  'request_type' => 'Checkout Response',
  'request_data' => 
  array (
    'message' => 'Готов к поездке.',
    'data' => 
    array (
      'id' => 727,
      'segment_id' => '1',
      'user_id' => 38938,
      'service_type_id' => '1',
      'vehicle_type_id' => '668',
      'total_drop_location' => '1',
      'number_of_rider' => '0',
      'payment_method_id' => '',
      'card_id' => NULL,
      'pickup_latitude' => '43.204305067111115',
      'pickup_longitude' => '76.89709514379501',
      'pickup_location' => '287/2 Радостовца уг.ул Левитана ЖК «Gagarin Park, Алматы 050060, Казахстан',
      'drop_latitude' => '43.23339331665726',
      'drop_longitude' => '76.9568195566535',
      'drop_location' => 'Dostyk Plaza микрорайон Самал-2 111, Алматы 050000, Казахстан',
      'waypoints' => 
      array (
      ),
      'map_image' => '',
      'hotel_charges' => NULL,
      'estimate_distance' => '8.5 km',
      'estimate_time' => '16 mins',
      'estimate_driver_distance' => '',
      'estimate_driver_time' => '',
      'booking_type' => '2',
      'ac_nonac' => NULL,
      'bags_weight_kg' => NULL,
      'vehicleTypeName' => 'Вертолет',
      'vehicleTypeImage' => 'https://qazaq-production-bucket.s3.ap-south-1.amazonaws.com/qazaq-taxi/vehicle/1681727042_643d1e42e6c77_vehicle.png?X-Amz-Content-Sha256=UNSIGNED-PAYLOAD&X-Amz-Algorithm=AWS4-HMAC-SHA256&X-Amz-Credential=AKIAXZ3HZP5WW4B63MIH%2F20230421%2Fap-south-1%2Fs3%2Faws4_request&X-Amz-Date=20230421T121337Z&X-Amz-SignedHeaders=host&X-Amz-Expires=36000&X-Amz-Signature=c539d75ff932fc892341504cfff32b4ac14cbd8ab40663ef64f2de2673c55a23',
      'SelectedPaymentMethod' => 
      array (
        'id' => NULL,
        'name' => 'Способ оплаты',
        'card_id' => NULL,
      ),
      'estimate_receipt' => 
      array (
        0 => 
        array (
          'highlighted_text' => 'Базовый тариф',
          'highlighted_text_color' => '333333',
          'highlighted_style' => 'NORMAL',
          'highlighted_visibility' => true,
          'small_text' => 'eee',
          'small_texot_clor' => '333333',
          'small_text_style' => '',
          'small_text_visibility' => false,
          'value_text' => 'KZT1000000',
          'value_text_color' => '333333',
          'value_text_style' => '',
          'value_textvisibility' => true,
        ),
        1 => 
        array (
          'highlighted_text' => 'Итого',
          'highlighted_text_color' => '333333',
          'highlighted_style' => 'NORMAL',
          'highlighted_visibility' => true,
          'small_text' => 'eee',
          'small_texot_clor' => '333333',
          'small_text_style' => '',
          'small_text_visibility' => false,
          'value_text' => 'KZT1000000',
          'value_text_color' => '333333',
          'value_text_style' => '',
          'value_textvisibility' => true,
        ),
      ),
      'promo_code' => '',
      'estimates_arrive_header_text' => 'Расстояние и Время',
      'promo_heading' => 'Принять промо -код',
      'discounted_amout' => '',
      'estimates_header_text' => 'Цена',
      'estimate_bill' => 'KZT 1000000',
      'outstandAmount' => '0.00',
      'outstandShow' => false,
      'service_type_name' => 'Стандарт',
      'service_package' => '',
      'later_date' => '2023-04-21',
      'later_time' => '18:13',
      'seats' => NULL,
    ),
  ),
  'additional_notes' => 'checkout api',
  'hit_time' => '2023-04-21 18:13:37',
)  
[2023-04-21 12:30:24] local.EMERGENCY: array (
  'request_type' => 'Checkout Request',
  'request_data' => 
  array (
    'area' => '1070',
    'later_time' => NULL,
    'service_package_id' => NULL,
    'pickup_longitude' => '76.85266334563494',
    'vehicle_type' => '659',
    'drop_location' => '[{"stop":"1","drop_latitude":"43.21844106112378","drop_longitude":"76.92766662687063","drop_location":"проспект Aль-Фараби 77\\/8, Алматы 050040, Казахстан","status":"1"}]',
    'total_drop_location' => '1',
    'service_type' => '1',
    'pickup_latitude' => '43.25595937872848',
    'later_date' => NULL,
    'booking_type' => '1',
    'pick_up_location' => 'ул. имени Куприна 1, Алматы 050061, Казахстан',
    'segment_id' => '1',
    'number_of_rider' => '0',
    'merchant_id' => 372,
  ),
  'additional_notes' => 'checkout api',
  'hit_time' => '2023-04-21 12:30:24',
)  
[2023-04-21 12:30:44] local.EMERGENCY: array (
  'request_type' => 'Checkout Request',
  'request_data' => 
  array (
    'area' => '1070',
    'later_time' => NULL,
    'service_package_id' => NULL,
    'pickup_longitude' => '76.85060642659664',
    'vehicle_type' => '645',
    'drop_location' => '[{"stop":"1","drop_latitude":"43.21844106112378","drop_longitude":"76.92766662687063","drop_location":"проспект Aль-Фараби 77\\/8, Алматы 050040, Казахстан","status":"1"}]',
    'total_drop_location' => '1',
    'service_type' => '1',
    'pickup_latitude' => '43.25506176090987',
    'later_date' => NULL,
    'booking_type' => '1',
    'pick_up_location' => 'ул. имени Куприна 3, Алматы, Казахстан',
    'segment_id' => '1',
    'number_of_rider' => '0',
    'merchant_id' => 372,
  ),
  'additional_notes' => 'checkout api',
  'hit_time' => '2023-04-21 12:30:44',
)  
[2023-04-21 12:41:01] local.EMERGENCY: array (
  'request_type' => 'Checkout Request',
  'request_data' => 
  array (
    'area' => '1070',
    'later_time' => NULL,
    'service_package_id' => NULL,
    'pickup_longitude' => '76.86213824898005',
    'vehicle_type' => '645',
    'drop_location' => '[{"stop":"1","drop_latitude":"43.20361857586132","drop_longitude":"76.9230542331934","drop_location":"ЖК Baganashil Seven Stars 12, Алматы, Казахстан","status":"1"}]',
    'total_drop_location' => '1',
    'service_type' => '1',
    'pickup_latitude' => '43.26410375221118',
    'later_date' => NULL,
    'booking_type' => '1',
    'pick_up_location' => 'Бизнес центр "Массагет", Алматы, Казахстан',
    'segment_id' => '1',
    'number_of_rider' => '0',
    'merchant_id' => 372,
  ),
  'additional_notes' => 'checkout api',
  'hit_time' => '2023-04-21 12:41:01',
)  
[2023-04-21 13:10:14] local.EMERGENCY: array (
  'request_type' => 'Checkout Request',
  'request_data' => 
  array (
    'area' => '1070',
    'later_time' => NULL,
    'service_package_id' => NULL,
    'pickup_longitude' => '76.9039810448885',
    'vehicle_type' => '645',
    'drop_location' => '[{"stop":"1","drop_latitude":"43.255440979192194","drop_longitude":"76.90240524709225","drop_location":"улица Ауэзова 8 улица Ауэзова 8, Алматы 050000, Казахстан","status":"1"}]',
    'total_drop_location' => '1',
    'service_type' => '1',
    'pickup_latitude' => '43.23090877579297',
    'later_date' => NULL,
    'booking_type' => '1',
    'pick_up_location' => 'бул. Бухар-Жирау 66, Алматы 050000, Казахстан',
    'segment_id' => '1',
    'number_of_rider' => '0',
    'merchant_id' => 372,
  ),
  'additional_notes' => 'checkout api',
  'hit_time' => '2023-04-21 13:10:14',
)  
[2023-04-21 13:10:22] local.EMERGENCY: array (
  'request_type' => 'Checkout Request',
  'request_data' => 
  array (
    'area' => '1070',
    'later_time' => NULL,
    'service_package_id' => NULL,
    'pickup_longitude' => '76.9039810448885',
    'vehicle_type' => '645',
    'drop_location' => '[{"stop":"1","drop_latitude":"43.255440979192194","drop_longitude":"76.90240524709225","drop_location":"улица Ауэзова 8 улица Ауэзова 8, Алматы 050000, Казахстан","status":"1"}]',
    'total_drop_location' => '1',
    'service_type' => '1',
    'pickup_latitude' => '43.23090877579297',
    'later_date' => NULL,
    'booking_type' => '1',
    'pick_up_location' => 'бул. Бухар-Жирау 66, Алматы 050000, Казахстан',
    'segment_id' => '1',
    'number_of_rider' => '0',
    'merchant_id' => 372,
  ),
  'additional_notes' => 'checkout api',
  'hit_time' => '2023-04-21 13:10:22',
)  
[2023-04-21 13:10:42] local.EMERGENCY: array (
  'request_type' => 'Checkout Request',
  'request_data' => 
  array (
    'area' => '1070',
    'later_time' => NULL,
    'service_package_id' => NULL,
    'pickup_longitude' => '76.9039810448885',
    'vehicle_type' => '645',
    'drop_location' => '[{"stop":"1","drop_latitude":"43.255440979192194","drop_longitude":"76.90240524709225","drop_location":"улица Ауэзова 8, Алматы 050000, Казахстан","status":"1"}]',
    'total_drop_location' => '1',
    'service_type' => '1',
    'pickup_latitude' => '43.23090877579297',
    'later_date' => NULL,
    'booking_type' => '1',
    'pick_up_location' => 'бул. Бухар-Жирау 66, Алматы 050000, Казахстан',
    'segment_id' => '1',
    'number_of_rider' => '0',
    'merchant_id' => 372,
  ),
  'additional_notes' => 'checkout api',
  'hit_time' => '2023-04-21 13:10:42',
)  
[2023-04-21 13:11:19] local.EMERGENCY: array (
  'request_type' => 'Checkout Request',
  'request_data' => 
  array (
    'area' => '1070',
    'later_time' => NULL,
    'service_package_id' => NULL,
    'pickup_longitude' => '76.9039810448885',
    'vehicle_type' => '645',
    'drop_location' => '[{"stop":"1","drop_latitude":"43.255440979192194","drop_longitude":"76.90240524709225","drop_location":"улица Ауэзова 8, Алматы 050000, Казахстан","status":"1"}]',
    'total_drop_location' => '1',
    'service_type' => '1',
    'pickup_latitude' => '43.23090877579297',
    'later_date' => NULL,
    'booking_type' => '1',
    'pick_up_location' => 'бул. Бухар-Жирау 66, Алматы 050000, Казахстан',
    'segment_id' => '1',
    'number_of_rider' => '0',
    'merchant_id' => 372,
  ),
  'additional_notes' => 'checkout api',
  'hit_time' => '2023-04-21 13:11:19',
)  
[2023-04-21 13:11:30] local.EMERGENCY: array (
  'request_type' => 'Checkout Request',
  'request_data' => 
  array (
    'area' => '1070',
    'later_time' => NULL,
    'service_package_id' => NULL,
    'pickup_longitude' => '76.9039810448885',
    'vehicle_type' => '645',
    'drop_location' => '[{"stop":"1","drop_latitude":"43.255440979192194","drop_longitude":"76.90240524709225","drop_location":"улица Ауэзова 8, Алматы 050000, Казахстан","status":"1"}]',
    'total_drop_location' => '1',
    'service_type' => '1',
    'pickup_latitude' => '43.23090877579297',
    'later_date' => NULL,
    'booking_type' => '1',
    'pick_up_location' => 'бул. Бухар-Жирау 66, Алматы 050000, Казахстан',
    'segment_id' => '1',
    'number_of_rider' => '0',
    'merchant_id' => 372,
  ),
  'additional_notes' => 'checkout api',
  'hit_time' => '2023-04-21 13:11:30',
)  
[2023-04-21 13:20:46] local.EMERGENCY: array (
  'request_type' => 'Checkout Request',
  'request_data' => 
  array (
    'area' => '1070',
    'later_time' => NULL,
    'service_package_id' => NULL,
    'pickup_longitude' => '76.94344539195299',
    'vehicle_type' => '669',
    'drop_location' => '[{"stop":"1","drop_latitude":"43.259566809385824","drop_longitude":"76.84079524129629","drop_location":"ул. Пика, Алматы, Казахстан","status":"1"}]',
    'total_drop_location' => '1',
    'service_type' => '1',
    'pickup_latitude' => '43.227733272267514',
    'later_date' => NULL,
    'booking_type' => '1',
    'pick_up_location' => 'проспект Aль-Фараби 44, Алматы 050000, Казахстан',
    'segment_id' => '1',
    'number_of_rider' => '0',
    'merchant_id' => 372,
  ),
  'additional_notes' => 'checkout api',
  'hit_time' => '2023-04-21 13:20:46',
)  
[2023-04-21 13:20:52] local.EMERGENCY: array (
  'request_type' => 'Checkout Request',
  'request_data' => 
  array (
    'area' => '1070',
    'later_time' => NULL,
    'service_package_id' => NULL,
    'pickup_longitude' => '76.94344539195299',
    'vehicle_type' => '660',
    'drop_location' => '[{"stop":"1","drop_latitude":"43.259566809385824","drop_longitude":"76.84079524129629","drop_location":"ул. Пика, Алматы, Казахстан","status":"1"}]',
    'total_drop_location' => '1',
    'service_type' => '1',
    'pickup_latitude' => '43.227733272267514',
    'later_date' => NULL,
    'booking_type' => '1',
    'pick_up_location' => 'проспект Aль-Фараби 44, Алматы 050000, Казахстан',
    'segment_id' => '1',
    'number_of_rider' => '0',
    'merchant_id' => 372,
  ),
  'additional_notes' => 'checkout api',
  'hit_time' => '2023-04-21 13:20:52',
)  
[2023-04-21 13:20:58] local.EMERGENCY: array (
  'request_type' => 'Checkout Request',
  'request_data' => 
  array (
    'area' => '1070',
    'later_time' => NULL,
    'service_package_id' => NULL,
    'pickup_longitude' => '76.94344539195299',
    'vehicle_type' => '659',
    'drop_location' => '[{"stop":"1","drop_latitude":"43.259566809385824","drop_longitude":"76.84079524129629","drop_location":"ул. Пика, Алматы, Казахстан","status":"1"}]',
    'total_drop_location' => '1',
    'service_type' => '1',
    'pickup_latitude' => '43.227733272267514',
    'later_date' => NULL,
    'booking_type' => '1',
    'pick_up_location' => 'проспект Aль-Фараби 44, Алматы 050000, Казахстан',
    'segment_id' => '1',
    'number_of_rider' => '0',
    'merchant_id' => 372,
  ),
  'additional_notes' => 'checkout api',
  'hit_time' => '2023-04-21 13:20:58',
)  
[2023-04-21 13:21:03] local.EMERGENCY: array (
  'request_type' => 'Checkout Request',
  'request_data' => 
  array (
    'area' => '1070',
    'later_time' => NULL,
    'service_package_id' => NULL,
    'pickup_longitude' => '76.94344539195299',
    'vehicle_type' => '645',
    'drop_location' => '[{"stop":"1","drop_latitude":"43.259566809385824","drop_longitude":"76.84079524129629","drop_location":"ул. Пика, Алматы, Казахстан","status":"1"}]',
    'total_drop_location' => '1',
    'service_type' => '1',
    'pickup_latitude' => '43.227733272267514',
    'later_date' => NULL,
    'booking_type' => '1',
    'pick_up_location' => 'проспект Aль-Фараби 44, Алматы 050000, Казахстан',
    'segment_id' => '1',
    'number_of_rider' => '0',
    'merchant_id' => 372,
  ),
  'additional_notes' => 'checkout api',
  'hit_time' => '2023-04-21 13:21:03',
)  
[2023-04-21 17:16:11] local.EMERGENCY: array (
  'request_type' => 'Checkout Request',
  'request_data' => 
  array (
    'area' => '1070',
    'later_time' => NULL,
    'service_package_id' => NULL,
    'pickup_longitude' => '76.92831538617611',
    'vehicle_type' => '645',
    'drop_location' => '[{"stop":"1","drop_latitude":"43.20078748155795","drop_longitude":"76.8922832608223","drop_location":"улица Розыбакиева 247А, Алматы 050060, Казахстан","status":"1"}]',
    'total_drop_location' => '1',
    'service_type' => '1',
    'pickup_latitude' => '43.24332753645348',
    'later_date' => NULL,
    'booking_type' => '1',
    'pick_up_location' => 'ул. Кашгарская 3, Алматы 050000, Казахстан',
    'segment_id' => '1',
    'number_of_rider' => '0',
    'merchant_id' => 372,
  ),
  'additional_notes' => 'checkout api',
  'hit_time' => '2023-04-21 17:16:11',
)  
[2023-04-21 17:16:16] local.EMERGENCY: array (
  'request_type' => 'Checkout Request',
  'request_data' => 
  array (
    'area' => '1070',
    'later_time' => NULL,
    'service_package_id' => NULL,
    'pickup_longitude' => '76.92831538617611',
    'vehicle_type' => '645',
    'drop_location' => '[{"stop":"1","drop_latitude":"43.20078748155795","drop_longitude":"76.8922832608223","drop_location":"улица Розыбакиева 247А, Алматы 050060, Казахстан","status":"1"}]',
    'total_drop_location' => '1',
    'service_type' => '1',
    'pickup_latitude' => '43.24332753645348',
    'later_date' => NULL,
    'booking_type' => '1',
    'pick_up_location' => 'ул. Кашгарская 3, Алматы 050000, Казахстан',
    'segment_id' => '1',
    'number_of_rider' => '0',
    'merchant_id' => 372,
  ),
  'additional_notes' => 'checkout api',
  'hit_time' => '2023-04-21 17:16:16',
)  
[2023-04-21 17:17:38] local.EMERGENCY: array (
  'request_type' => 'Checkout Request',
  'request_data' => 
  array (
    'area' => '1070',
    'later_time' => NULL,
    'service_package_id' => NULL,
    'pickup_longitude' => '76.95036347955465',
    'vehicle_type' => '660',
    'drop_location' => '[{"stop":"1","drop_latitude":"43.20078748155795","drop_longitude":"76.8922832608223","drop_location":"улица Розыбакиева 247А, Алматы 050060, Казахстан","status":"1"}]',
    'total_drop_location' => '1',
    'service_type' => '1',
    'pickup_latitude' => '43.244427792349384',
    'later_date' => NULL,
    'booking_type' => '1',
    'pick_up_location' => 'улица Тулебаева 40, Алматы 050010, Казахстан',
    'segment_id' => '1',
    'number_of_rider' => '0',
    'merchant_id' => 372,
  ),
  'additional_notes' => 'checkout api',
  'hit_time' => '2023-04-21 17:17:38',
)  
