[2023-04-20 01:25:19] local.EMERGENCY: array (
  'request_type' => 'Checkout Request',
  'request_data' => 
  array (
    'area' => '1070',
    'later_time' => NULL,
    'service_package_id' => NULL,
    'pickup_longitude' => '76.84654925018549',
    'vehicle_type' => '645',
    'drop_location' => '[{"stop":"1","drop_latitude":"43.24148526549873","drop_longitude":"76.90584853291512","drop_location":"улица Ауэзова 66\\/5, Алматы 050008, Казахстан","status":"1"}]',
    'total_drop_location' => '1',
    'service_type' => '1',
    'pickup_latitude' => '43.22067885588578',
    'later_date' => NULL,
    'booking_type' => '1',
    'pick_up_location' => '6RCW+7JX, Алматы, Казахстан',
    'segment_id' => '1',
    'number_of_rider' => '0',
    'merchant_id' => 372,
  ),
  'additional_notes' => 'checkout api',
  'hit_time' => '2023-04-20 01:25:19',
)  
[2023-04-20 01:25:45] local.EMERGENCY: array (
  'request_type' => 'Checkout Request',
  'request_data' => 
  array (
    'area' => '1070',
    'later_time' => NULL,
    'service_package_id' => NULL,
    'pickup_longitude' => '76.84654925018549',
    'vehicle_type' => '645',
    'drop_location' => '[{"stop":"1","drop_latitude":"43.24148526549873","drop_longitude":"76.90584853291512","drop_location":"улица Ауэзова 66\\/5, Алматы 050008, Казахстан","status":"1"}]',
    'total_drop_location' => '1',
    'service_type' => '1',
    'pickup_latitude' => '43.22067885588578',
    'later_date' => '2023/04/20',
    'booking_type' => '1',
    'pick_up_location' => '6RCW+7JX, Алматы, Казахстан',
    'segment_id' => '1',
    'number_of_rider' => '0',
    'merchant_id' => 372,
  ),
  'additional_notes' => 'checkout api',
  'hit_time' => '2023-04-20 01:25:45',
)  
[2023-04-20 01:26:30] local.EMERGENCY: array (
  'request_type' => 'Checkout Request',
  'request_data' => 
  array (
    'area' => '1070',
    'later_time' => NULL,
    'service_package_id' => NULL,
    'pickup_longitude' => '76.84654925018549',
    'vehicle_type' => '645',
    'drop_location' => '[{"stop":"1","drop_latitude":"43.24148526549873","drop_longitude":"76.90584853291512","drop_location":"улица Ауэзова 66\\/5, Алматы 050008, Казахстан","status":"1"}]',
    'total_drop_location' => '1',
    'service_type' => '1',
    'pickup_latitude' => '43.22067885588578',
    'later_date' => '2023/04/20',
    'booking_type' => '1',
    'pick_up_location' => '6RCW+7JX, Алматы, Казахстан',
    'segment_id' => '1',
    'number_of_rider' => '0',
    'merchant_id' => 372,
  ),
  'additional_notes' => 'checkout api',
  'hit_time' => '2023-04-20 01:26:30',
)  
[2023-04-20 02:30:54] local.EMERGENCY: array (
  'request_type' => 'Checkout Request',
  'request_data' => 
  array (
    'area' => '1070',
    'later_time' => NULL,
    'service_package_id' => NULL,
    'pickup_longitude' => '76.88521463423967',
    'vehicle_type' => '645',
    'drop_location' => '[{"stop":"1","drop_latitude":"43.2518826320902","drop_longitude":"76.93437248468399","drop_location":"улица Богенбай Батыра 150, Алматы 050000, Казахстан","status":"1"}]',
    'total_drop_location' => '1',
    'service_type' => '1',
    'pickup_latitude' => '43.24976271366742',
    'later_date' => NULL,
    'booking_type' => '1',
    'pick_up_location' => 'улица Толе Би 226а, Алматы, Казахстан',
    'segment_id' => '1',
    'number_of_rider' => '0',
    'merchant_id' => 372,
  ),
  'additional_notes' => 'checkout api',
  'hit_time' => '2023-04-20 02:30:54',
)  
[2023-04-20 02:38:26] local.EMERGENCY: array (
  'request_type' => 'Checkout Request',
  'request_data' => 
  array (
    'area' => '1070',
    'later_time' => NULL,
    'service_package_id' => NULL,
    'pickup_longitude' => '76.88978612422943',
    'vehicle_type' => '645',
    'drop_location' => '[{"stop":"1","drop_latitude":"43.233035945715336","drop_longitude":"76.88937909901142","drop_location":"6VMQ+6X7, улица Розыбакиева 101, Алматы 050000, Казахстан","status":"1"}]',
    'total_drop_location' => '1',
    'service_type' => '1',
    'pickup_latitude' => '43.23398494050023',
    'later_date' => NULL,
    'booking_type' => '1',
    'pick_up_location' => 'ул. Сатпаева 95, Алматы 050046, Казахстан',
    'segment_id' => '1',
    'number_of_rider' => '0',
    'merchant_id' => 372,
  ),
  'additional_notes' => 'checkout api',
  'hit_time' => '2023-04-20 02:38:26',
)  
[2023-04-20 06:27:33] local.EMERGENCY: array (
  'request_type' => 'Checkout Request',
  'request_data' => 
  array (
    'area' => '1070',
    'later_time' => NULL,
    'service_package_id' => NULL,
    'pickup_longitude' => '76.9519479945302',
    'vehicle_type' => '645',
    'drop_location' => '[{"stop":"1","drop_latitude":"43.34629485480043","drop_longitude":"77.00693964958191","drop_location":"ул. Огарева, Алматы, Казахстан","status":"1"}]',
    'total_drop_location' => '1',
    'service_type' => '1',
    'pickup_latitude' => '43.33027456703704',
    'later_date' => NULL,
    'booking_type' => '1',
    'pick_up_location' => 'ул. имени Акан-Серы 20/5уг, Алматы, Казахстан',
    'segment_id' => '1',
    'number_of_rider' => '0',
    'merchant_id' => 372,
  ),
  'additional_notes' => 'checkout api',
  'hit_time' => '2023-04-20 06:27:33',
)  
[2023-04-20 06:31:56] local.EMERGENCY: array (
  'request_type' => 'Checkout Request',
  'request_data' => 
  array (
    'area' => '1070',
    'later_time' => NULL,
    'service_package_id' => NULL,
    'pickup_longitude' => '76.93625438958406',
    'vehicle_type' => '645',
    'drop_location' => '[{"stop":"1","drop_latitude":"43.25635104459881","drop_longitude":"76.93626075983047","drop_location":"улица Наурызбай Батыра 76\\/78, Алматы 050000, Казахстан","status":"1"}]',
    'total_drop_location' => '1',
    'service_type' => '1',
    'pickup_latitude' => '43.25630416203384',
    'later_date' => NULL,
    'booking_type' => '1',
    'pick_up_location' => 'улица Наурызбай Батыра 76/78, Алматы 050000, Казахстан',
    'segment_id' => '1',
    'number_of_rider' => '0',
    'merchant_id' => 372,
  ),
  'additional_notes' => 'checkout api',
  'hit_time' => '2023-04-20 06:31:56',
)  
[2023-04-20 06:32:14] local.EMERGENCY: array (
  'request_type' => 'Checkout Request',
  'request_data' => 
  array (
    'area' => '1070',
    'later_time' => NULL,
    'service_package_id' => NULL,
    'pickup_longitude' => '76.93625438958406',
    'vehicle_type' => '645',
    'drop_location' => '[{"stop":"1","drop_latitude":"43.256318812839275","drop_longitude":"76.93630333989859","drop_location":"улица Наурызбай Батыра 76\\/78, Алматы 050000, Казахстан","status":"1"}]',
    'total_drop_location' => '1',
    'service_type' => '1',
    'pickup_latitude' => '43.25630416203384',
    'later_date' => NULL,
    'booking_type' => '1',
    'pick_up_location' => 'улица Наурызбай Батыра 76/78, Алматы 050000, Казахстан',
    'segment_id' => '1',
    'number_of_rider' => '0',
    'merchant_id' => 372,
  ),
  'additional_notes' => 'checkout api',
  'hit_time' => '2023-04-20 06:32:14',
)  
[2023-04-20 06:33:45] local.EMERGENCY: array (
  'request_type' => 'Checkout Request',
  'request_data' => 
  array (
    'area' => '1070',
    'later_time' => NULL,
    'service_package_id' => NULL,
    'pickup_longitude' => '76.93625438958406',
    'vehicle_type' => '659',
    'drop_location' => '[{"stop":"1","drop_latitude":"43.255637790840574","drop_longitude":"76.9361836463213","drop_location":"7W4P+6H6, улица Наурызбай Батыра, Алматы 050000, Казахстан","status":"1"}]',
    'total_drop_location' => '1',
    'service_type' => '1',
    'pickup_latitude' => '43.25630416203384',
    'later_date' => NULL,
    'booking_type' => '1',
    'pick_up_location' => 'улица Наурызбай Батыра 76/78, Алматы 050000, Казахстан',
    'segment_id' => '1',
    'number_of_rider' => '0',
    'merchant_id' => 372,
  ),
  'additional_notes' => 'checkout api',
  'hit_time' => '2023-04-20 06:33:45',
)  
[2023-04-20 06:33:57] local.EMERGENCY: array (
  'request_type' => 'Checkout Request',
  'request_data' => 
  array (
    'area' => '1070',
    'later_time' => NULL,
    'service_package_id' => NULL,
    'pickup_longitude' => '76.93625438958406',
    'vehicle_type' => '645',
    'drop_location' => '[{"stop":"1","drop_latitude":"43.255637790840574","drop_longitude":"76.9361836463213","drop_location":"7W4P+6H6, улица Наурызбай Батыра, Алматы 050000, Казахстан","status":"1"}]',
    'total_drop_location' => '1',
    'service_type' => '1',
    'pickup_latitude' => '43.25630416203384',
    'later_date' => NULL,
    'booking_type' => '1',
    'pick_up_location' => 'улица Наурызбай Батыра 76/78, Алматы 050000, Казахстан',
    'segment_id' => '1',
    'number_of_rider' => '0',
    'merchant_id' => 372,
  ),
  'additional_notes' => 'checkout api',
  'hit_time' => '2023-04-20 06:33:57',
)  
[2023-04-20 06:35:39] local.EMERGENCY: array (
  'request_type' => 'Checkout Request',
  'request_data' => 
  array (
    'vehicle_type' => '645',
    'later_date' => NULL,
    'pickup_longitude' => '76.85124814510345',
    'segment_id' => '1',
    'pick_up_location' => 'Микрорайон-3, Алматы, Казахстан',
    'pickup_latitude' => '43.222015043336214',
    'booking_type' => '1',
    'total_drop_location' => '1',
    'service_type' => '1',
    'service_package_id' => NULL,
    'later_time' => NULL,
    'area' => '1070',
    'number_of_rider' => '0',
    'drop_location' => '[{"stop":"1","drop_latitude":"43.28095525788893","drop_longitude":"76.9582837074995","drop_location":"ул. Баишева 64 ул. Баишева 64, Алматы, Казахстан","status":"1"}]',
    'merchant_id' => 372,
  ),
  'additional_notes' => 'checkout api',
  'hit_time' => '2023-04-20 06:35:39',
)  
[2023-04-20 06:35:47] local.EMERGENCY: array (
  'request_type' => 'Checkout Request',
  'request_data' => 
  array (
    'vehicle_type' => '645',
    'later_date' => NULL,
    'pickup_longitude' => '76.85124814510345',
    'segment_id' => '1',
    'pick_up_location' => 'Микрорайон-3, Алматы, Казахстан',
    'pickup_latitude' => '43.222015043336214',
    'booking_type' => '1',
    'service_type' => '1',
    'total_drop_location' => '1',
    'later_time' => NULL,
    'service_package_id' => NULL,
    'area' => '1070',
    'number_of_rider' => '0',
    'drop_location' => '[{"stop":"1","drop_latitude":"43.28095525788893","drop_longitude":"76.9582837074995","drop_location":"ул. Баишева 64 ул. Баишева 64, Алматы, Казахстан","status":"1"}]',
    'merchant_id' => 372,
  ),
  'additional_notes' => 'checkout api',
  'hit_time' => '2023-04-20 06:35:47',
)  
[2023-04-20 06:36:09] local.EMERGENCY: array (
  'request_type' => 'Checkout Request',
  'request_data' => 
  array (
    'vehicle_type' => '645',
    'later_date' => NULL,
    'pickup_longitude' => '76.85124814510345',
    'segment_id' => '1',
    'pick_up_location' => 'Микрорайон-3, Алматы, Казахстан',
    'pickup_latitude' => '43.222015043336214',
    'booking_type' => '1',
    'service_type' => '1',
    'total_drop_location' => '1',
    'later_time' => NULL,
    'service_package_id' => NULL,
    'area' => '1070',
    'number_of_rider' => '0',
    'drop_location' => '[{"stop":"1","drop_latitude":"43.28095525788893","drop_longitude":"76.9582837074995","drop_location":"ул. Баишева 64 ул. Баишева 64, Алматы, Казахстан","status":"1"}]',
    'merchant_id' => 372,
  ),
  'additional_notes' => 'checkout api',
  'hit_time' => '2023-04-20 06:36:09',
)  
[2023-04-20 06:36:24] local.EMERGENCY: array (
  'request_type' => 'Checkout Request',
  'request_data' => 
  array (
    'vehicle_type' => '645',
    'later_date' => NULL,
    'pickup_longitude' => '76.85124814510345',
    'segment_id' => '1',
    'pick_up_location' => 'Микрорайон-3, Алматы, Казахстан',
    'pickup_latitude' => '43.222015043336214',
    'booking_type' => '1',
    'service_type' => '1',
    'total_drop_location' => '1',
    'later_time' => NULL,
    'service_package_id' => NULL,
    'area' => '1070',
    'number_of_rider' => '0',
    'drop_location' => '[{"stop":"1","drop_latitude":"43.275026967826","drop_longitude":"76.95718433707952","drop_location":"ул. Пестковского, Алматы, Казахстан","status":"1"}]',
    'merchant_id' => 372,
  ),
  'additional_notes' => 'checkout api',
  'hit_time' => '2023-04-20 06:36:24',
)  
[2023-04-20 06:37:07] local.EMERGENCY: array (
  'request_type' => 'Checkout Request',
  'request_data' => 
  array (
    'vehicle_type' => '645',
    'later_date' => '2023/04/21',
    'pickup_longitude' => '76.85124814510345',
    'segment_id' => '1',
    'pick_up_location' => 'Микрорайон-3, Алматы, Казахстан',
    'pickup_latitude' => '43.222015043336214',
    'booking_type' => '2',
    'service_type' => '1',
    'total_drop_location' => '1',
    'later_time' => '00:30',
    'service_package_id' => NULL,
    'area' => '1070',
    'number_of_rider' => '0',
    'drop_location' => '[{"stop":"1","drop_latitude":"43.275026967826","drop_longitude":"76.95718433707952","drop_location":"ул. Пестковского, Алматы, Казахстан","status":"1"}]',
    'merchant_id' => 372,
  ),
  'additional_notes' => 'checkout api',
  'hit_time' => '2023-04-20 06:37:07',
)  
[2023-04-20 06:37:07] local.EMERGENCY: array (
  'request_type' => 'Checkout Response',
  'request_data' => 
  array (
    'message' => 'Готов к поездке.',
    'data' => 
    array (
      'id' => 723,
      'segment_id' => '1',
      'user_id' => 38975,
      'service_type_id' => '1',
      'vehicle_type_id' => '645',
      'total_drop_location' => '1',
      'number_of_rider' => '0',
      'payment_method_id' => '',
      'card_id' => NULL,
      'pickup_latitude' => '43.222015043336214',
      'pickup_longitude' => '76.85124814510345',
      'pickup_location' => 'Микрорайон-3, Алматы, Казахстан',
      'drop_latitude' => '43.275026967826',
      'drop_longitude' => '76.95718433707952',
      'drop_location' => 'ул. Пестковского, Алматы, Казахстан',
      'waypoints' => 
      array (
      ),
      'map_image' => '',
      'hotel_charges' => NULL,
      'estimate_distance' => '16.7 km',
      'estimate_time' => '24 mins',
      'estimate_driver_distance' => '',
      'estimate_driver_time' => '',
      'booking_type' => '2',
      'ac_nonac' => NULL,
      'bags_weight_kg' => NULL,
      'vehicleTypeName' => 'Эконом',
      'vehicleTypeImage' => 'https://qazaq-production-bucket.s3.ap-south-1.amazonaws.com/qazaq-taxi/vehicle/1681888055_643f933755bba_vehicle.png?X-Amz-Content-Sha256=UNSIGNED-PAYLOAD&X-Amz-Algorithm=AWS4-HMAC-SHA256&X-Amz-Credential=AKIAXZ3HZP5WW4B63MIH%2F20230420%2Fap-south-1%2Fs3%2Faws4_request&X-Amz-Date=20230420T063707Z&X-Amz-SignedHeaders=host&X-Amz-Expires=36000&X-Amz-Signature=b98cc2baa714a8d27e9335667337808542c30d83038021a9651befe1c6f9e60c',
      'SelectedPaymentMethod' => 
      array (
        'id' => NULL,
        'name' => 'Способ оплаты',
        'card_id' => NULL,
      ),
      'estimate_receipt' => 
      array (
        0 => 
        array (
          'highlighted_text' => 'Базовый тариф',
          'highlighted_text_color' => '333333',
          'highlighted_style' => 'NORMAL',
          'highlighted_visibility' => true,
          'small_text' => 'eee',
          'small_texot_clor' => '333333',
          'small_text_style' => '',
          'small_text_visibility' => false,
          'value_text' => 'KZT325',
          'value_text_color' => '333333',
          'value_text_style' => '',
          'value_textvisibility' => true,
        ),
        1 => 
        array (
          'highlighted_text' => 'Расстояние Тариф',
          'highlighted_text_color' => '333333',
          'highlighted_style' => 'NORMAL',
          'highlighted_visibility' => true,
          'small_text' => 'eee',
          'small_texot_clor' => '333333',
          'small_text_style' => '',
          'small_text_visibility' => false,
          'value_text' => 'KZT911',
          'value_text_color' => '333333',
          'value_text_style' => '',
          'value_textvisibility' => true,
        ),
        2 => 
        array (
          'highlighted_text' => 'Стоимость минуты',
          'highlighted_text_color' => '333333',
          'highlighted_style' => 'NORMAL',
          'highlighted_visibility' => true,
          'small_text' => 'eee',
          'small_texot_clor' => '333333',
          'small_text_style' => '',
          'small_text_visibility' => false,
          'value_text' => 'KZT408',
          'value_text_color' => '333333',
          'value_text_style' => '',
          'value_textvisibility' => true,
        ),
        3 => 
        array (
          'highlighted_text' => 'Итого',
          'highlighted_text_color' => '333333',
          'highlighted_style' => 'NORMAL',
          'highlighted_visibility' => true,
          'small_text' => 'eee',
          'small_texot_clor' => '333333',
          'small_text_style' => '',
          'small_text_visibility' => false,
          'value_text' => 'KZT1644',
          'value_text_color' => '333333',
          'value_text_style' => '',
          'value_textvisibility' => true,
        ),
      ),
      'promo_code' => '',
      'estimates_arrive_header_text' => 'Расстояние и Время',
      'promo_heading' => 'Принять промо -код',
      'discounted_amout' => '',
      'estimates_header_text' => 'Цена',
      'estimate_bill' => 'KZT 1700',
      'outstandAmount' => '0.00',
      'outstandShow' => false,
      'service_type_name' => 'Стандарт',
      'service_package' => '',
      'later_date' => '2023-04-21',
      'later_time' => '00:30',
      'seats' => NULL,
    ),
  ),
  'additional_notes' => 'checkout api',
  'hit_time' => '2023-04-20 12:37:07',
)  
[2023-04-20 06:45:33] local.EMERGENCY: array (
  'request_type' => 'Checkout Request',
  'request_data' => 
  array (
    'vehicle_type' => '645',
    'later_date' => NULL,
    'pickup_longitude' => '76.93519793450832',
    'segment_id' => '1',
    'pick_up_location' => 'улица Мауленова 92 улица Мауленова 92, Алматы 050000, Казахстан',
    'pickup_latitude' => '43.25187310837334',
    'booking_type' => '1',
    'total_drop_location' => '1',
    'service_type' => '1',
    'service_package_id' => NULL,
    'later_time' => NULL,
    'area' => '1070',
    'number_of_rider' => '0',
    'drop_location' => '[{"stop":"1","drop_latitude":"43.28095525788893","drop_longitude":"76.9582837074995","drop_location":"ул. Баишева 64, Алматы, Казахстан","status":"1"}]',
    'merchant_id' => 372,
  ),
  'additional_notes' => 'checkout api',
  'hit_time' => '2023-04-20 06:45:33',
)  
[2023-04-20 06:46:26] local.EMERGENCY: array (
  'request_type' => 'Checkout Request',
  'request_data' => 
  array (
    'vehicle_type' => '645',
    'later_date' => NULL,
    'pickup_longitude' => '76.93519793450832',
    'segment_id' => '1',
    'pick_up_location' => 'улица Мауленова 92 улица Мауленова 92, Алматы 050000, Казахстан',
    'pickup_latitude' => '43.25187310837334',
    'booking_type' => '1',
    'service_type' => '1',
    'total_drop_location' => '1',
    'later_time' => NULL,
    'service_package_id' => NULL,
    'area' => '1070',
    'number_of_rider' => '0',
    'drop_location' => '[{"stop":"1","drop_latitude":"43.28095525788893","drop_longitude":"76.9582837074995","drop_location":"ул. Баишева 64, Алматы, Казахстан","status":"1"}]',
    'merchant_id' => 372,
  ),
  'additional_notes' => 'checkout api',
  'hit_time' => '2023-04-20 06:46:26',
)  
[2023-04-20 06:54:32] local.EMERGENCY: array (
  'request_type' => 'Checkout Request',
  'request_data' => 
  array (
    'area' => '1070',
    'later_time' => '16:54',
    'service_package_id' => NULL,
    'pickup_longitude' => '76.93516742438078',
    'vehicle_type' => '668',
    'drop_location' => '[{"stop":"1","drop_latitude":"43.220741158200546","drop_longitude":"76.93555701524019","drop_location":"улица Зейна Шашкина 23, Алматы 050040, Казахстан","status":"1"}]',
    'total_drop_location' => '1',
    'service_type' => '1',
    'pickup_latitude' => '43.25178422027747',
    'later_date' => '2023/04/21',
    'booking_type' => '2',
    'pick_up_location' => 'улица Мауленова 92, Алматы 050000, Казахстан',
    'segment_id' => '1',
    'number_of_rider' => '0',
    'merchant_id' => 372,
  ),
  'additional_notes' => 'checkout api',
  'hit_time' => '2023-04-20 06:54:32',
)  
[2023-04-20 06:54:33] local.EMERGENCY: array (
  'request_type' => 'Checkout Response',
  'request_data' => 
  array (
    'message' => 'Готов к поездке.',
    'data' => 
    array (
      'id' => 724,
      'segment_id' => '1',
      'user_id' => 38976,
      'service_type_id' => '1',
      'vehicle_type_id' => '668',
      'total_drop_location' => '1',
      'number_of_rider' => '0',
      'payment_method_id' => '',
      'card_id' => NULL,
      'pickup_latitude' => '43.25178422027747',
      'pickup_longitude' => '76.93516742438078',
      'pickup_location' => 'улица Мауленова 92, Алматы 050000, Казахстан',
      'drop_latitude' => '43.220741158200546',
      'drop_longitude' => '76.93555701524019',
      'drop_location' => 'улица Зейна Шашкина 23, Алматы 050040, Казахстан',
      'waypoints' => 
      array (
      ),
      'map_image' => '',
      'hotel_charges' => NULL,
      'estimate_distance' => '5.4 km',
      'estimate_time' => '13 mins',
      'estimate_driver_distance' => '',
      'estimate_driver_time' => '',
      'booking_type' => '2',
      'ac_nonac' => NULL,
      'bags_weight_kg' => NULL,
      'vehicleTypeName' => 'Вертолет',
      'vehicleTypeImage' => 'https://qazaq-production-bucket.s3.ap-south-1.amazonaws.com/qazaq-taxi/vehicle/1681727042_643d1e42e6c77_vehicle.png?X-Amz-Content-Sha256=UNSIGNED-PAYLOAD&X-Amz-Algorithm=AWS4-HMAC-SHA256&X-Amz-Credential=AKIAXZ3HZP5WW4B63MIH%2F20230420%2Fap-south-1%2Fs3%2Faws4_request&X-Amz-Date=20230420T065433Z&X-Amz-SignedHeaders=host&X-Amz-Expires=36000&X-Amz-Signature=96dc9cc46c022347976c93ff3e9fa71efd8f5afd062ef77017c32ff6d9d3cb64',
      'SelectedPaymentMethod' => 
      array (
        'id' => NULL,
        'name' => 'Способ оплаты',
        'card_id' => NULL,
      ),
      'estimate_receipt' => 
      array (
        0 => 
        array (
          'highlighted_text' => 'Базовый тариф',
          'highlighted_text_color' => '333333',
          'highlighted_style' => 'NORMAL',
          'highlighted_visibility' => true,
          'small_text' => 'eee',
          'small_texot_clor' => '333333',
          'small_text_style' => '',
          'small_text_visibility' => false,
          'value_text' => 'KZT1000000',
          'value_text_color' => '333333',
          'value_text_style' => '',
          'value_textvisibility' => true,
        ),
        1 => 
        array (
          'highlighted_text' => 'Итого',
          'highlighted_text_color' => '333333',
          'highlighted_style' => 'NORMAL',
          'highlighted_visibility' => true,
          'small_text' => 'eee',
          'small_texot_clor' => '333333',
          'small_text_style' => '',
          'small_text_visibility' => false,
          'value_text' => 'KZT1000000',
          'value_text_color' => '333333',
          'value_text_style' => '',
          'value_textvisibility' => true,
        ),
      ),
      'promo_code' => '',
      'estimates_arrive_header_text' => 'Расстояние и Время',
      'promo_heading' => 'Принять промо -код',
      'discounted_amout' => '',
      'estimates_header_text' => 'Цена',
      'estimate_bill' => 'KZT 1000000',
      'outstandAmount' => '0.00',
      'outstandShow' => false,
      'service_type_name' => 'Стандарт',
      'service_package' => '',
      'later_date' => '2023-04-21',
      'later_time' => '16:54',
      'seats' => NULL,
    ),
  ),
  'additional_notes' => 'checkout api',
  'hit_time' => '2023-04-20 12:54:33',
)  
[2023-04-20 07:07:01] local.EMERGENCY: array (
  'request_type' => 'Checkout Request',
  'request_data' => 
  array (
    'area' => '1070',
    'later_time' => NULL,
    'service_package_id' => NULL,
    'pickup_longitude' => '76.93523917347193',
    'vehicle_type' => '645',
    'drop_location' => '[{"stop":"1","drop_latitude":"43.264131585172784","drop_longitude":"76.92984726279974","drop_location":"город, Мұқағали Мақатаев көшесі 119, Алматы 050000, Казахстан","status":"1"}]',
    'total_drop_location' => '1',
    'service_type' => '1',
    'pickup_latitude' => '43.251629154195236',
    'later_date' => NULL,
    'booking_type' => '1',
    'pick_up_location' => 'Ул Мауленова 92 ( здание фин академии, 1 этаж направо), уг, улица Богенбай Батыра, Алматы 050000, Казахстан',
    'segment_id' => '1',
    'number_of_rider' => '0',
    'merchant_id' => 372,
  ),
  'additional_notes' => 'checkout api',
  'hit_time' => '2023-04-20 07:07:01',
)  
[2023-04-20 07:07:07] local.EMERGENCY: array (
  'request_type' => 'Checkout Request',
  'request_data' => 
  array (
    'area' => '1070',
    'later_time' => NULL,
    'service_package_id' => NULL,
    'pickup_longitude' => '76.93523917347193',
    'vehicle_type' => '645',
    'drop_location' => '[{"stop":"1","drop_latitude":"43.264131585172784","drop_longitude":"76.92984726279974","drop_location":"город, Мұқағали Мақатаев көшесі 119, Алматы 050000, Казахстан","status":"1"}]',
    'total_drop_location' => '1',
    'service_type' => '1',
    'pickup_latitude' => '43.251629154195236',
    'later_date' => NULL,
    'booking_type' => '1',
    'pick_up_location' => 'Ул Мауленова 92 ( здание фин академии, 1 этаж направо), уг, улица Богенбай Батыра, Алматы 050000, Казахстан',
    'segment_id' => '1',
    'number_of_rider' => '0',
    'merchant_id' => 372,
  ),
  'additional_notes' => 'checkout api',
  'hit_time' => '2023-04-20 07:07:07',
)  
[2023-04-20 07:08:52] local.EMERGENCY: array (
  'request_type' => 'Checkout Request',
  'request_data' => 
  array (
    'area' => '1070',
    'later_time' => NULL,
    'service_package_id' => NULL,
    'pickup_longitude' => '76.9352374970913',
    'vehicle_type' => '663',
    'drop_location' => '[{"stop":"1","drop_latitude":"43.25374680994004","drop_longitude":"76.93413142114878","drop_location":"улица Толе Би 88, Алматы 050000, Казахстан","status":"1"}]',
    'total_drop_location' => '1',
    'service_type' => '1',
    'pickup_latitude' => '43.2516337939735',
    'later_date' => NULL,
    'booking_type' => '1',
    'pick_up_location' => 'Ул Мауленова 92 ( здание фин академии, 1 этаж направо), уг, улица Богенбай Батыра, Алматы 050000, Казахстан',
    'segment_id' => '1',
    'number_of_rider' => '0',
    'merchant_id' => 372,
  ),
  'additional_notes' => 'checkout api',
  'hit_time' => '2023-04-20 07:08:52',
)  
[2023-04-20 07:09:06] local.EMERGENCY: array (
  'request_type' => 'Checkout Request',
  'request_data' => 
  array (
    'area' => '1070',
    'later_time' => NULL,
    'service_package_id' => NULL,
    'pickup_longitude' => '76.9352374970913',
    'vehicle_type' => '663',
    'drop_location' => '[{"stop":"1","drop_latitude":"43.253702855656776","drop_longitude":"76.93388868123293","drop_location":"улица Толе Би 88, Алматы 050000, Казахстан","status":"1"}]',
    'total_drop_location' => '1',
    'service_type' => '1',
    'pickup_latitude' => '43.2516337939735',
    'later_date' => NULL,
    'booking_type' => '1',
    'pick_up_location' => 'Ул Мауленова 92 ( здание фин академии, 1 этаж направо), уг, улица Богенбай Батыра, Алматы 050000, Казахстан',
    'segment_id' => '1',
    'number_of_rider' => '0',
    'merchant_id' => 372,
  ),
  'additional_notes' => 'checkout api',
  'hit_time' => '2023-04-20 07:09:06',
)  
[2023-04-20 07:09:17] local.EMERGENCY: array (
  'request_type' => 'Checkout Request',
  'request_data' => 
  array (
    'area' => '1070',
    'later_time' => NULL,
    'service_package_id' => NULL,
    'pickup_longitude' => '76.9352374970913',
    'vehicle_type' => '663',
    'drop_location' => '[{"stop":"1","drop_latitude":"43.253702855656776","drop_longitude":"76.93388868123293","drop_location":"улица Толе Би 88, Алматы 050000, Казахстан","status":"1"}]',
    'total_drop_location' => '1',
    'service_type' => '1',
    'pickup_latitude' => '43.2516337939735',
    'later_date' => NULL,
    'booking_type' => '1',
    'pick_up_location' => 'Ул Мауленова 92 ( здание фин академии, 1 этаж направо), уг, улица Богенбай Батыра, Алматы 050000, Казахстан',
    'segment_id' => '1',
    'number_of_rider' => '0',
    'merchant_id' => 372,
  ),
  'additional_notes' => 'checkout api',
  'hit_time' => '2023-04-20 07:09:17',
)  
[2023-04-20 07:10:31] local.EMERGENCY: array (
  'request_type' => 'Checkout Request',
  'request_data' => 
  array (
    'area' => '1070',
    'later_time' => NULL,
    'service_package_id' => NULL,
    'pickup_longitude' => '76.9352374970913',
    'vehicle_type' => '663',
    'drop_location' => '[{"stop":"1","drop_latitude":"43.253702855656776","drop_longitude":"76.93388868123293","drop_location":"улица Толе Би 88, Алматы 050000, Казахстан","status":"1"}]',
    'total_drop_location' => '1',
    'service_type' => '1',
    'pickup_latitude' => '43.2516337939735',
    'later_date' => NULL,
    'booking_type' => '1',
    'pick_up_location' => 'Ул Мауленова 92 ( здание фин академии, 1 этаж направо), уг, улица Богенбай Батыра, Алматы 050000, Казахстан',
    'segment_id' => '1',
    'number_of_rider' => '0',
    'merchant_id' => 372,
  ),
  'additional_notes' => 'checkout api',
  'hit_time' => '2023-04-20 07:10:31',
)  
[2023-04-20 07:10:47] local.EMERGENCY: array (
  'request_type' => 'Checkout Request',
  'request_data' => 
  array (
    'area' => '1070',
    'later_time' => NULL,
    'service_package_id' => NULL,
    'pickup_longitude' => '76.9352374970913',
    'vehicle_type' => '645',
    'drop_location' => '[{"stop":"1","drop_latitude":"43.253743879655474","drop_longitude":"76.93415019661188","drop_location":"улица Толе Би 88, Алматы 050000, Казахстан","status":"1"}]',
    'total_drop_location' => '1',
    'service_type' => '1',
    'pickup_latitude' => '43.2516337939735',
    'later_date' => NULL,
    'booking_type' => '1',
    'pick_up_location' => 'Ул Мауленова 92 ( здание фин академии, 1 этаж направо), уг, улица Богенбай Батыра, Алматы 050000, Казахстан',
    'segment_id' => '1',
    'number_of_rider' => '0',
    'merchant_id' => 372,
  ),
  'additional_notes' => 'checkout api',
  'hit_time' => '2023-04-20 07:10:47',
)  
[2023-04-20 07:11:08] local.EMERGENCY: array (
  'request_type' => 'Checkout Request',
  'request_data' => 
  array (
    'area' => '1070',
    'later_time' => NULL,
    'service_package_id' => NULL,
    'pickup_longitude' => '76.9352374970913',
    'vehicle_type' => '645',
    'drop_location' => '[{"stop":"1","drop_latitude":"43.253743879655474","drop_longitude":"76.93415019661188","drop_location":"улица Толе Би 88, Алматы 050000, Казахстан","status":"1"}]',
    'total_drop_location' => '1',
    'service_type' => '1',
    'pickup_latitude' => '43.2516337939735',
    'later_date' => NULL,
    'booking_type' => '1',
    'pick_up_location' => 'Ул Мауленова 92 ( здание фин академии, 1 этаж направо), уг, улица Богенбай Батыра, Алматы 050000, Казахстан',
    'segment_id' => '1',
    'number_of_rider' => '0',
    'merchant_id' => 372,
  ),
  'additional_notes' => 'checkout api',
  'hit_time' => '2023-04-20 07:11:08',
)  
[2023-04-20 07:11:09] local.EMERGENCY: array (
  'request_type' => 'Checkout Response',
  'request_data' => 
  array (
    'message' => 'Готов к поездке.',
    'data' => 
    array (
      'id' => 724,
      'segment_id' => '1',
      'user_id' => 38976,
      'service_type_id' => '1',
      'vehicle_type_id' => '645',
      'total_drop_location' => '1',
      'number_of_rider' => '0',
      'payment_method_id' => '',
      'card_id' => NULL,
      'pickup_latitude' => '43.2516337939735',
      'pickup_longitude' => '76.9352374970913',
      'pickup_location' => 'Ул Мауленова 92 ( здание фин академии, 1 этаж направо), уг, улица Богенбай Батыра, Алматы 050000, Казахстан',
      'drop_latitude' => '43.253743879655474',
      'drop_longitude' => '76.93415019661188',
      'drop_location' => 'улица Толе Би 88, Алматы 050000, Казахстан',
      'waypoints' => 
      array (
      ),
      'map_image' => '',
      'hotel_charges' => NULL,
      'estimate_distance' => '0.5 km',
      'estimate_time' => '3 mins',
      'estimate_driver_distance' => '1 m',
      'estimate_driver_time' => '1 min',
      'booking_type' => '1',
      'ac_nonac' => NULL,
      'bags_weight_kg' => NULL,
      'vehicleTypeName' => 'Эконом',
      'vehicleTypeImage' => 'https://qazaq-production-bucket.s3.ap-south-1.amazonaws.com/qazaq-taxi/vehicle/1681888055_643f933755bba_vehicle.png?X-Amz-Content-Sha256=UNSIGNED-PAYLOAD&X-Amz-Algorithm=AWS4-HMAC-SHA256&X-Amz-Credential=AKIAXZ3HZP5WW4B63MIH%2F20230420%2Fap-south-1%2Fs3%2Faws4_request&X-Amz-Date=20230420T071109Z&X-Amz-SignedHeaders=host&X-Amz-Expires=36000&X-Amz-Signature=f432efff6758ff4b6663a985092d14a47e043e21095299fd0f0935f752e54675',
      'SelectedPaymentMethod' => 
      array (
        'id' => NULL,
        'name' => 'Способ оплаты',
        'card_id' => NULL,
      ),
      'estimate_receipt' => 
      array (
        0 => 
        array (
          'highlighted_text' => 'Базовый тариф',
          'highlighted_text_color' => '333333',
          'highlighted_style' => 'NORMAL',
          'highlighted_visibility' => true,
          'small_text' => 'eee',
          'small_texot_clor' => '333333',
          'small_text_style' => '',
          'small_text_visibility' => false,
          'value_text' => 'KZT325',
          'value_text_color' => '333333',
          'value_text_style' => '',
          'value_textvisibility' => true,
        ),
        1 => 
        array (
          'highlighted_text' => 'Расстояние Тариф',
          'highlighted_text_color' => '333333',
          'highlighted_style' => 'NORMAL',
          'highlighted_visibility' => true,
          'small_text' => 'eee',
          'small_texot_clor' => '333333',
          'small_text_style' => '',
          'small_text_visibility' => false,
          'value_text' => 'KZT0',
          'value_text_color' => '333333',
          'value_text_style' => '',
          'value_textvisibility' => true,
        ),
        2 => 
        array (
          'highlighted_text' => 'Стоимость минуты',
          'highlighted_text_color' => '333333',
          'highlighted_style' => 'NORMAL',
          'highlighted_visibility' => true,
          'small_text' => 'eee',
          'small_texot_clor' => '333333',
          'small_text_style' => '',
          'small_text_visibility' => false,
          'value_text' => 'KZT0',
          'value_text_color' => '333333',
          'value_text_style' => '',
          'value_textvisibility' => true,
        ),
        3 => 
        array (
          'highlighted_text' => 'Итого',
          'highlighted_text_color' => '333333',
          'highlighted_style' => 'NORMAL',
          'highlighted_visibility' => true,
          'small_text' => 'eee',
          'small_texot_clor' => '333333',
          'small_text_style' => '',
          'small_text_visibility' => false,
          'value_text' => 'KZT325',
          'value_text_color' => '333333',
          'value_text_style' => '',
          'value_textvisibility' => true,
        ),
      ),
      'promo_code' => '',
      'estimates_arrive_header_text' => 'Прибытие через',
      'promo_heading' => 'Принять промо -код',
      'discounted_amout' => '',
      'estimates_header_text' => 'Цена',
      'estimate_bill' => 'KZT 400',
      'outstandAmount' => '0.00',
      'outstandShow' => false,
      'service_type_name' => 'Стандарт',
      'service_package' => '',
      'later_date' => '',
      'later_time' => '',
      'seats' => NULL,
    ),
  ),
  'additional_notes' => 'checkout api',
  'hit_time' => '2023-04-20 13:11:09',
)  
[2023-04-20 08:17:46] local.EMERGENCY: array (
  'request_type' => 'Checkout Request',
  'request_data' => 
  array (
    'area' => '1070',
    'later_time' => NULL,
    'service_package_id' => NULL,
    'pickup_longitude' => '76.78470086306334',
    'vehicle_type' => '645',
    'drop_location' => '[{"stop":"1","drop_latitude":"43.21864067995534","drop_longitude":"76.79534889757633","drop_location":"ЖК \\"Достык\\", Алматы, Казахстан","status":"1"}]',
    'total_drop_location' => '1',
    'service_type' => '1',
    'pickup_latitude' => '43.202020235936835',
    'later_date' => NULL,
    'booking_type' => '1',
    'pick_up_location' => 'ул. Строительная, Алматы, Казахстан',
    'segment_id' => '1',
    'number_of_rider' => '0',
    'merchant_id' => 372,
  ),
  'additional_notes' => 'checkout api',
  'hit_time' => '2023-04-20 08:17:46',
)  
[2023-04-20 08:17:52] local.EMERGENCY: array (
  'request_type' => 'Checkout Request',
  'request_data' => 
  array (
    'area' => '1070',
    'later_time' => NULL,
    'service_package_id' => NULL,
    'pickup_longitude' => '76.78470086306334',
    'vehicle_type' => '645',
    'drop_location' => '[{"stop":"1","drop_latitude":"43.21864067995534","drop_longitude":"76.79534889757633","drop_location":"ЖК \\"Достык\\", Алматы, Казахстан","status":"1"}]',
    'total_drop_location' => '1',
    'service_type' => '1',
    'pickup_latitude' => '43.202020235936835',
    'later_date' => NULL,
    'booking_type' => '1',
    'pick_up_location' => 'ул. Строительная, Алматы, Казахстан',
    'segment_id' => '1',
    'number_of_rider' => '0',
    'merchant_id' => 372,
  ),
  'additional_notes' => 'checkout api',
  'hit_time' => '2023-04-20 08:17:52',
)  
[2023-04-20 09:47:44] local.EMERGENCY: array (
  'request_type' => 'Checkout Request',
  'request_data' => 
  array (
    'area' => '1070',
    'later_time' => NULL,
    'service_package_id' => NULL,
    'pickup_longitude' => '76.90358642488718',
    'vehicle_type' => '659',
    'drop_location' => '[{"stop":"1","drop_latitude":"43.25539482847787","drop_longitude":"76.91087063401937","drop_location":"улица Байзакова 127, Алматы 050026, Казахстан","status":"1"}]',
    'total_drop_location' => '1',
    'service_type' => '1',
    'pickup_latitude' => '43.225760072386564',
    'later_date' => NULL,
    'booking_type' => '1',
    'pick_up_location' => 'ул. Тимирязева 83, Алматы 050060, Казахстан',
    'segment_id' => '1',
    'number_of_rider' => '0',
    'merchant_id' => 372,
  ),
  'additional_notes' => 'checkout api',
  'hit_time' => '2023-04-20 09:47:44',
)  
[2023-04-20 09:47:54] local.EMERGENCY: array (
  'request_type' => 'Checkout Request',
  'request_data' => 
  array (
    'area' => '1070',
    'later_time' => NULL,
    'service_package_id' => NULL,
    'pickup_longitude' => '76.90358642488718',
    'vehicle_type' => '659',
    'drop_location' => '[{"stop":"1","drop_latitude":"43.25539482847787","drop_longitude":"76.91087063401937","drop_location":"улица Байзакова 127, Алматы 050026, Казахстан","status":"1"}]',
    'total_drop_location' => '1',
    'service_type' => '1',
    'pickup_latitude' => '43.225760072386564',
    'later_date' => NULL,
    'booking_type' => '1',
    'pick_up_location' => 'ул. Тимирязева 83, Алматы 050060, Казахстан',
    'segment_id' => '1',
    'number_of_rider' => '0',
    'merchant_id' => 372,
  ),
  'additional_notes' => 'checkout api',
  'hit_time' => '2023-04-20 09:47:54',
)  
[2023-04-20 12:50:00] local.EMERGENCY: array (
  'request_type' => 'Checkout Request',
  'request_data' => 
  array (
    'area' => '1070',
    'later_time' => NULL,
    'service_package_id' => NULL,
    'pickup_longitude' => '76.93524319678545',
    'vehicle_type' => '645',
    'drop_location' => '[{"stop":"1","drop_latitude":"43.236767840509124","drop_longitude":"76.91523525863886","drop_location":"SmArt.Point улица Байзакова 280, Алматы 050040, Казахстан","status":"1"}]',
    'total_drop_location' => '1',
    'service_type' => '1',
    'pickup_latitude' => '43.25162988679183',
    'later_date' => NULL,
    'booking_type' => '1',
    'pick_up_location' => 'Ул Мауленова 92 ( здание фин академии, 1 этаж направо), уг, улица Богенбай Батыра, Алматы 050000, Казахстан',
    'segment_id' => '1',
    'number_of_rider' => '0',
    'merchant_id' => 372,
  ),
  'additional_notes' => 'checkout api',
  'hit_time' => '2023-04-20 12:50:00',
)  
[2023-04-20 12:50:01] local.EMERGENCY: array (
  'request_type' => 'Checkout Response',
  'request_data' => 
  array (
    'message' => 'Готов к поездке.',
    'data' => 
    array (
      'id' => 722,
      'segment_id' => '1',
      'user_id' => 38527,
      'service_type_id' => '1',
      'vehicle_type_id' => '645',
      'total_drop_location' => '1',
      'number_of_rider' => '0',
      'payment_method_id' => '1',
      'card_id' => NULL,
      'pickup_latitude' => '43.25162988679183',
      'pickup_longitude' => '76.93524319678545',
      'pickup_location' => 'Ул Мауленова 92 ( здание фин академии, 1 этаж направо), уг, улица Богенбай Батыра, Алматы 050000, Казахстан',
      'drop_latitude' => '43.236767840509124',
      'drop_longitude' => '76.91523525863886',
      'drop_location' => 'SmArt.Point улица Байзакова 280, Алматы 050040, Казахстан',
      'waypoints' => 
      array (
      ),
      'map_image' => '',
      'hotel_charges' => NULL,
      'estimate_distance' => '3.5 km',
      'estimate_time' => '11 mins',
      'estimate_driver_distance' => '1 m',
      'estimate_driver_time' => '1 min',
      'booking_type' => '1',
      'ac_nonac' => NULL,
      'bags_weight_kg' => NULL,
      'vehicleTypeName' => 'Эконом',
      'vehicleTypeImage' => 'https://qazaq-production-bucket.s3.ap-south-1.amazonaws.com/qazaq-taxi/vehicle/1681888055_643f933755bba_vehicle.png?X-Amz-Content-Sha256=UNSIGNED-PAYLOAD&X-Amz-Algorithm=AWS4-HMAC-SHA256&X-Amz-Credential=AKIAXZ3HZP5WW4B63MIH%2F20230420%2Fap-south-1%2Fs3%2Faws4_request&X-Amz-Date=20230420T125001Z&X-Amz-SignedHeaders=host&X-Amz-Expires=36000&X-Amz-Signature=447984b7cd33609caf0dbaad2d8d826931790c2139b5b6f182320c3b4c68581f',
      'SelectedPaymentMethod' => 
      array (
        'id' => '1',
        'name' => 'Наличными',
        'card_id' => NULL,
      ),
      'estimate_receipt' => 
      array (
        0 => 
        array (
          'highlighted_text' => 'Базовый тариф',
          'highlighted_text_color' => '333333',
          'highlighted_style' => 'NORMAL',
          'highlighted_visibility' => true,
          'small_text' => 'eee',
          'small_texot_clor' => '333333',
          'small_text_style' => '',
          'small_text_visibility' => false,
          'value_text' => 'KZT325',
          'value_text_color' => '333333',
          'value_text_style' => '',
          'value_textvisibility' => true,
        ),
        1 => 
        array (
          'highlighted_text' => 'Расстояние Тариф',
          'highlighted_text_color' => '333333',
          'highlighted_style' => 'NORMAL',
          'highlighted_visibility' => true,
          'small_text' => 'eee',
          'small_texot_clor' => '333333',
          'small_text_style' => '',
          'small_text_visibility' => false,
          'value_text' => 'KZT118',
          'value_text_color' => '333333',
          'value_text_style' => '',
          'value_textvisibility' => true,
        ),
        2 => 
        array (
          'highlighted_text' => 'Стоимость минуты',
          'highlighted_text_color' => '333333',
          'highlighted_style' => 'NORMAL',
          'highlighted_visibility' => true,
          'small_text' => 'eee',
          'small_texot_clor' => '333333',
          'small_text_style' => '',
          'small_text_visibility' => false,
          'value_text' => 'KZT123',
          'value_text_color' => '333333',
          'value_text_style' => '',
          'value_textvisibility' => true,
        ),
        3 => 
        array (
          'highlighted_text' => 'Итого',
          'highlighted_text_color' => '333333',
          'highlighted_style' => 'NORMAL',
          'highlighted_visibility' => true,
          'small_text' => 'eee',
          'small_texot_clor' => '333333',
          'small_text_style' => '',
          'small_text_visibility' => false,
          'value_text' => 'KZT566',
          'value_text_color' => '333333',
          'value_text_style' => '',
          'value_textvisibility' => true,
        ),
      ),
      'promo_code' => '',
      'estimates_arrive_header_text' => 'Прибытие через',
      'promo_heading' => 'Принять промо -код',
      'discounted_amout' => '',
      'estimates_header_text' => 'Цена',
      'estimate_bill' => 'KZT 600',
      'outstandAmount' => '0.00',
      'outstandShow' => false,
      'service_type_name' => 'Стандарт',
      'service_package' => '',
      'later_date' => '',
      'later_time' => '',
      'seats' => NULL,
    ),
  ),
  'additional_notes' => 'checkout api',
  'hit_time' => '2023-04-20 18:50:01',
)  
[2023-04-20 16:31:52] local.EMERGENCY: array (
  'request_type' => 'Checkout Request',
  'request_data' => 
  array (
    'area' => '1070',
    'later_time' => NULL,
    'service_package_id' => NULL,
    'pickup_longitude' => '76.8971461057663',
    'vehicle_type' => '645',
    'drop_location' => '[{"stop":"1","drop_latitude":"43.245168042126046","drop_longitude":"76.92730452865362","drop_location":"6WWH+454, улица Байтурсынова 68б, Алматы 050000, Казахстан","status":"1"}]',
    'total_drop_location' => '1',
    'service_type' => '1',
    'pickup_latitude' => '43.24028335089399',
    'later_date' => NULL,
    'booking_type' => '1',
    'pick_up_location' => 'улица Курмангазы 166, Алматы 050000, Казахстан',
    'segment_id' => '1',
    'number_of_rider' => '0',
    'merchant_id' => 372,
  ),
  'additional_notes' => 'checkout api',
  'hit_time' => '2023-04-20 16:31:52',
)  
[2023-04-20 17:35:24] local.EMERGENCY: array (
  'request_type' => 'Checkout Request',
  'request_data' => 
  array (
    'area' => '1070',
    'later_time' => NULL,
    'service_package_id' => NULL,
    'pickup_longitude' => '76.89990140497684',
    'vehicle_type' => '645',
    'drop_location' => '[{"stop":"1","drop_latitude":"43.260734893283626","drop_longitude":"76.87079004943371","drop_location":"7V6C+6J3, улица Фадеева, Алматы, Казахстан","status":"1"}]',
    'total_drop_location' => '1',
    'service_type' => '1',
    'pickup_latitude' => '43.2653430391176',
    'later_date' => NULL,
    'booking_type' => '1',
    'pick_up_location' => 'проспект Райымбека 245, Алматы 050000, Казахстан',
    'segment_id' => '1',
    'number_of_rider' => '0',
    'merchant_id' => 372,
  ),
  'additional_notes' => 'checkout api',
  'hit_time' => '2023-04-20 17:35:24',
)  
[2023-04-20 17:35:29] local.EMERGENCY: array (
  'request_type' => 'Checkout Request',
  'request_data' => 
  array (
    'area' => '1070',
    'later_time' => NULL,
    'service_package_id' => NULL,
    'pickup_longitude' => '76.89990140497684',
    'vehicle_type' => '645',
    'drop_location' => '[{"stop":"1","drop_latitude":"43.260734893283626","drop_longitude":"76.87079004943371","drop_location":"7V6C+6J3, улица Фадеева, Алматы, Казахстан","status":"1"}]',
    'total_drop_location' => '1',
    'service_type' => '1',
    'pickup_latitude' => '43.2653430391176',
    'later_date' => NULL,
    'booking_type' => '1',
    'pick_up_location' => 'проспект Райымбека 245, Алматы 050000, Казахстан',
    'segment_id' => '1',
    'number_of_rider' => '0',
    'merchant_id' => 372,
  ),
  'additional_notes' => 'checkout api',
  'hit_time' => '2023-04-20 17:35:29',
)  
[2023-04-20 17:35:37] local.EMERGENCY: array (
  'request_type' => 'Checkout Request',
  'request_data' => 
  array (
    'area' => '1070',
    'later_time' => NULL,
    'service_package_id' => NULL,
    'pickup_longitude' => '76.89990140497684',
    'vehicle_type' => '645',
    'drop_location' => '[{"stop":"1","drop_latitude":"43.260734893283626","drop_longitude":"76.87079004943371","drop_location":"7V6C+6J3, улица Фадеева, Алматы, Казахстан","status":"1"}]',
    'total_drop_location' => '1',
    'service_type' => '1',
    'pickup_latitude' => '43.2653430391176',
    'later_date' => NULL,
    'booking_type' => '1',
    'pick_up_location' => 'проспект Райымбека 245, Алматы 050000, Казахстан',
    'segment_id' => '1',
    'number_of_rider' => '0',
    'merchant_id' => 372,
  ),
  'additional_notes' => 'checkout api',
  'hit_time' => '2023-04-20 17:35:37',
)  
[2023-04-20 17:35:50] local.EMERGENCY: array (
  'request_type' => 'Checkout Request',
  'request_data' => 
  array (
    'area' => '1070',
    'later_time' => NULL,
    'service_package_id' => NULL,
    'pickup_longitude' => '76.89990140497684',
    'vehicle_type' => '645',
    'drop_location' => '[{"stop":"1","drop_latitude":"43.260734893283626","drop_longitude":"76.87079004943371","drop_location":"7V6C+6J3, улица Фадеева, Алматы, Казахстан","status":"1"}]',
    'total_drop_location' => '1',
    'service_type' => '1',
    'pickup_latitude' => '43.2653430391176',
    'later_date' => NULL,
    'booking_type' => '1',
    'pick_up_location' => 'проспект Райымбека 245, Алматы 050000, Казахстан',
    'segment_id' => '1',
    'number_of_rider' => '0',
    'merchant_id' => 372,
  ),
  'additional_notes' => 'checkout api',
  'hit_time' => '2023-04-20 17:35:50',
)  
[2023-04-20 17:35:56] local.EMERGENCY: array (
  'request_type' => 'Checkout Request',
  'request_data' => 
  array (
    'area' => '1070',
    'later_time' => NULL,
    'service_package_id' => NULL,
    'pickup_longitude' => '76.89990140497684',
    'vehicle_type' => '645',
    'drop_location' => '[{"stop":"1","drop_latitude":"43.260734893283626","drop_longitude":"76.87079004943371","drop_location":"7V6C+6J3, улица Фадеева, Алматы, Казахстан","status":"1"}]',
    'total_drop_location' => '1',
    'service_type' => '1',
    'pickup_latitude' => '43.2653430391176',
    'later_date' => NULL,
    'booking_type' => '1',
    'pick_up_location' => 'проспект Райымбека 245, Алматы 050000, Казахстан',
    'segment_id' => '1',
    'number_of_rider' => '0',
    'merchant_id' => 372,
  ),
  'additional_notes' => 'checkout api',
  'hit_time' => '2023-04-20 17:35:56',
)  
[2023-04-20 17:36:02] local.EMERGENCY: array (
  'request_type' => 'Checkout Request',
  'request_data' => 
  array (
    'area' => '1070',
    'later_time' => NULL,
    'service_package_id' => NULL,
    'pickup_longitude' => '76.89990140497684',
    'vehicle_type' => '645',
    'drop_location' => '[{"stop":"1","drop_latitude":"43.260734893283626","drop_longitude":"76.87079004943371","drop_location":"7V6C+6J3, улица Фадеева, Алматы, Казахстан","status":"1"}]',
    'total_drop_location' => '1',
    'service_type' => '1',
    'pickup_latitude' => '43.2653430391176',
    'later_date' => NULL,
    'booking_type' => '1',
    'pick_up_location' => 'проспект Райымбека 245, Алматы 050000, Казахстан',
    'segment_id' => '1',
    'number_of_rider' => '0',
    'merchant_id' => 372,
  ),
  'additional_notes' => 'checkout api',
  'hit_time' => '2023-04-20 17:36:02',
)  
[2023-04-20 17:36:08] local.EMERGENCY: array (
  'request_type' => 'Checkout Request',
  'request_data' => 
  array (
    'area' => '1070',
    'later_time' => NULL,
    'service_package_id' => NULL,
    'pickup_longitude' => '76.89990140497684',
    'vehicle_type' => '645',
    'drop_location' => '[{"stop":"1","drop_latitude":"43.260734893283626","drop_longitude":"76.87079004943371","drop_location":"7V6C+6J3, улица Фадеева, Алматы, Казахстан","status":"1"}]',
    'total_drop_location' => '1',
    'service_type' => '1',
    'pickup_latitude' => '43.2653430391176',
    'later_date' => NULL,
    'booking_type' => '1',
    'pick_up_location' => 'проспект Райымбека 245, Алматы 050000, Казахстан',
    'segment_id' => '1',
    'number_of_rider' => '0',
    'merchant_id' => 372,
  ),
  'additional_notes' => 'checkout api',
  'hit_time' => '2023-04-20 17:36:08',
)  
[2023-04-20 17:50:11] local.EMERGENCY: array (
  'request_type' => 'Checkout Request',
  'request_data' => 
  array (
    'area' => '1070',
    'later_time' => '08:30',
    'service_package_id' => NULL,
    'pickup_longitude' => '76.79855715483427',
    'vehicle_type' => '645',
    'drop_location' => '[{"stop":"1","drop_latitude":"43.23902499099422","drop_longitude":"76.92054402083158","drop_location":"пр-т. Абая 48а, Алматы 050000, Казахстан","status":"1"}]',
    'total_drop_location' => '1',
    'service_type' => '1',
    'pickup_latitude' => '43.1962553553943',
    'later_date' => '2023/04/21',
    'booking_type' => '2',
    'pick_up_location' => 'Аубакирова ул., Акжар, Казахстан',
    'segment_id' => '1',
    'number_of_rider' => '0',
    'merchant_id' => 372,
  ),
  'additional_notes' => 'checkout api',
  'hit_time' => '2023-04-20 17:50:11',
)  
[2023-04-20 17:50:12] local.EMERGENCY: array (
  'request_type' => 'Checkout Response',
  'request_data' => 
  array (
    'message' => 'Готов к поездке.',
    'data' => 
    array (
      'id' => 725,
      'segment_id' => '1',
      'user_id' => 38958,
      'service_type_id' => '1',
      'vehicle_type_id' => '645',
      'total_drop_location' => '1',
      'number_of_rider' => '0',
      'payment_method_id' => '',
      'card_id' => NULL,
      'pickup_latitude' => '43.1962553553943',
      'pickup_longitude' => '76.79855715483427',
      'pickup_location' => 'Аубакирова ул., Акжар, Казахстан',
      'drop_latitude' => '43.23902499099422',
      'drop_longitude' => '76.92054402083158',
      'drop_location' => 'пр-т. Абая 48а, Алматы 050000, Казахстан',
      'waypoints' => 
      array (
      ),
      'map_image' => '',
      'hotel_charges' => NULL,
      'estimate_distance' => '12.8 km',
      'estimate_time' => '29 mins',
      'estimate_driver_distance' => '',
      'estimate_driver_time' => '',
      'booking_type' => '2',
      'ac_nonac' => NULL,
      'bags_weight_kg' => NULL,
      'vehicleTypeName' => 'Эконом',
      'vehicleTypeImage' => 'https://qazaq-production-bucket.s3.ap-south-1.amazonaws.com/qazaq-taxi/vehicle/1681888055_643f933755bba_vehicle.png?X-Amz-Content-Sha256=UNSIGNED-PAYLOAD&X-Amz-Algorithm=AWS4-HMAC-SHA256&X-Amz-Credential=AKIAXZ3HZP5WW4B63MIH%2F20230420%2Fap-south-1%2Fs3%2Faws4_request&X-Amz-Date=20230420T175012Z&X-Amz-SignedHeaders=host&X-Amz-Expires=36000&X-Amz-Signature=f342809d1d6fe17a3ab4e74e9207fed10777381a1c689a1228d37d6c24458eb3',
      'SelectedPaymentMethod' => 
      array (
        'id' => NULL,
        'name' => 'Способ оплаты',
        'card_id' => NULL,
      ),
      'estimate_receipt' => 
      array (
        0 => 
        array (
          'highlighted_text' => 'Базовый тариф',
          'highlighted_text_color' => '333333',
          'highlighted_style' => 'NORMAL',
          'highlighted_visibility' => true,
          'small_text' => 'eee',
          'small_texot_clor' => '333333',
          'small_text_style' => '',
          'small_text_visibility' => false,
          'value_text' => 'KZT325',
          'value_text_color' => '333333',
          'value_text_style' => '',
          'value_textvisibility' => true,
        ),
        1 => 
        array (
          'highlighted_text' => 'Расстояние Тариф',
          'highlighted_text_color' => '333333',
          'highlighted_style' => 'NORMAL',
          'highlighted_visibility' => true,
          'small_text' => 'eee',
          'small_texot_clor' => '333333',
          'small_text_style' => '',
          'small_text_visibility' => false,
          'value_text' => 'KZT679',
          'value_text_color' => '333333',
          'value_text_style' => '',
          'value_textvisibility' => true,
        ),
        2 => 
        array (
          'highlighted_text' => 'Стоимость минуты',
          'highlighted_text_color' => '333333',
          'highlighted_style' => 'NORMAL',
          'highlighted_visibility' => true,
          'small_text' => 'eee',
          'small_texot_clor' => '333333',
          'small_text_style' => '',
          'small_text_visibility' => false,
          'value_text' => 'KZT527',
          'value_text_color' => '333333',
          'value_text_style' => '',
          'value_textvisibility' => true,
        ),
        3 => 
        array (
          'highlighted_text' => 'Итого',
          'highlighted_text_color' => '333333',
          'highlighted_style' => 'NORMAL',
          'highlighted_visibility' => true,
          'small_text' => 'eee',
          'small_texot_clor' => '333333',
          'small_text_style' => '',
          'small_text_visibility' => false,
          'value_text' => 'KZT1531',
          'value_text_color' => '333333',
          'value_text_style' => '',
          'value_textvisibility' => true,
        ),
      ),
      'promo_code' => '',
      'estimates_arrive_header_text' => 'Расстояние и Время',
      'promo_heading' => 'Принять промо -код',
      'discounted_amout' => '',
      'estimates_header_text' => 'Цена',
      'estimate_bill' => 'KZT 1600',
      'outstandAmount' => '0.00',
      'outstandShow' => false,
      'service_type_name' => 'Стандарт',
      'service_package' => '',
      'later_date' => '2023-04-21',
      'later_time' => '08:30',
      'seats' => NULL,
    ),
  ),
  'additional_notes' => 'checkout api',
  'hit_time' => '2023-04-20 23:50:12',
)  
[2023-04-20 18:30:32] local.EMERGENCY: array (
  'request_type' => 'Checkout Request',
  'request_data' => 
  array (
    'area' => '1070',
    'later_time' => NULL,
    'service_package_id' => NULL,
    'pickup_longitude' => '76.85315553098917',
    'vehicle_type' => '660',
    'drop_location' => '[{"stop":"1","drop_latitude":"43.20524131239395","drop_longitude":"76.8661555275321","drop_location":"улица Пятницкого 102а, Алматы, Казахстан","status":"1"}]',
    'total_drop_location' => '1',
    'service_type' => '1',
    'pickup_latitude' => '43.20354159255875',
    'later_date' => NULL,
    'booking_type' => '1',
    'pick_up_location' => '6V33+898, Алматы, Казахстан',
    'segment_id' => '1',
    'number_of_rider' => '0',
    'merchant_id' => 372,
  ),
  'additional_notes' => 'checkout api',
  'hit_time' => '2023-04-20 18:30:32',
)  
[2023-04-20 18:30:38] local.EMERGENCY: array (
  'request_type' => 'Checkout Request',
  'request_data' => 
  array (
    'area' => '1070',
    'later_time' => NULL,
    'service_package_id' => NULL,
    'pickup_longitude' => '76.85315553098917',
    'vehicle_type' => '660',
    'drop_location' => '[{"stop":"1","drop_latitude":"43.20524131239395","drop_longitude":"76.8661555275321","drop_location":"улица Пятницкого 102а, Алматы, Казахстан","status":"1"}]',
    'total_drop_location' => '1',
    'service_type' => '1',
    'pickup_latitude' => '43.20354159255875',
    'later_date' => NULL,
    'booking_type' => '1',
    'pick_up_location' => '6V33+898, Алматы, Казахстан',
    'segment_id' => '1',
    'number_of_rider' => '0',
    'merchant_id' => 372,
  ),
  'additional_notes' => 'checkout api',
  'hit_time' => '2023-04-20 18:30:38',
)  
[2023-04-20 18:56:54] local.EMERGENCY: array (
  'request_type' => 'Checkout Request',
  'request_data' => 
  array (
    'area' => '1070',
    'later_time' => NULL,
    'service_package_id' => NULL,
    'pickup_longitude' => '76.89063470810652',
    'vehicle_type' => '660',
    'drop_location' => '[{"stop":"1","drop_latitude":"43.20078748155795","drop_longitude":"76.8922832608223","drop_location":"улица Розыбакиева 247А, Алматы 050060, Казахстан","status":"1"}]',
    'total_drop_location' => '1',
    'service_type' => '1',
    'pickup_latitude' => '43.24205238705839',
    'later_date' => NULL,
    'booking_type' => '1',
    'pick_up_location' => 'ул. Шевченко 204 (угол ул. Розыбакиева), рынок "Саламат 5", бутик 18А, 3 этаж, Алматы 050000, Казахстан',
    'segment_id' => '1',
    'number_of_rider' => '0',
    'merchant_id' => 372,
  ),
  'additional_notes' => 'checkout api',
  'hit_time' => '2023-04-20 18:56:54',
)  
[2023-04-20 18:57:01] local.EMERGENCY: array (
  'request_type' => 'Checkout Request',
  'request_data' => 
  array (
    'area' => '1070',
    'later_time' => NULL,
    'service_package_id' => NULL,
    'pickup_longitude' => '76.89063470810652',
    'vehicle_type' => '660',
    'drop_location' => '[{"stop":"1","drop_latitude":"43.20078748155795","drop_longitude":"76.8922832608223","drop_location":"улица Розыбакиева 247А, Алматы 050060, Казахстан","status":"1"}]',
    'total_drop_location' => '1',
    'service_type' => '1',
    'pickup_latitude' => '43.24205238705839',
    'later_date' => NULL,
    'booking_type' => '1',
    'pick_up_location' => 'ул. Шевченко 204 (угол ул. Розыбакиева), рынок "Саламат 5", бутик 18А, 3 этаж, Алматы 050000, Казахстан',
    'segment_id' => '1',
    'number_of_rider' => '0',
    'merchant_id' => 372,
  ),
  'additional_notes' => 'checkout api',
  'hit_time' => '2023-04-20 18:57:01',
)  
